#
# There is insufficient memory for the Java Runtime Environment to continue.
# Native memory allocation (mmap) failed to map 8388608 bytes for Failed to reserve memory for metaspace
# Possible reasons:
#   The system is out of physical RAM or swap space
#   In 32 bit mode, the process size limit was hit
# Possible solutions:
#   Reduce memory load on the system
#   Increase physical memory or swap space
#   Check if swap backing store is full
#   Use 64 bit Java on a 64 bit OS
#   Decrease Java heap size (-Xmx/-Xms)
#   Decrease number of Java threads
#   Decrease Java thread stack sizes (-Xss)
#   Set larger code cache with -XX:ReservedCodeCacheSize=
# This output file may be truncated or incomplete.
#
#  Out of Memory Error (virtualSpaceNode.cpp:249), pid=2836, tid=17028
#
# JRE version: OpenJDK Runtime Environment Temurin-17.0.1+12 (17.0.1+12) (build 17.0.1+12)
# Java VM: OpenJDK Client VM Temurin-17.0.1+12 (17.0.1+12, mixed mode, emulated-client, serial gc, windows-x86)
# No core dump will be written. Minidumps are not enabled by default on client versions of Windows
#

---------------  S U M M A R Y ------------

Command Line: -XX:HeapDumpPath=MojangTricksIntelDriversForPerformance_javaw.exe_minecraft.exe.heapdump -Xms512m -Xmx1024m -Duser.language=en -Djava.library.path=E:/MultiMC/MultiMC/instances/1.18.1/natives org.multimc.EntryPoint

Host: Intel(R) Core(TM) i5-4570 CPU @ 3.20GHz, 4 cores, 7G,  Windows 10 , 64 bit Build 19041 (10.0.19041.1348)
Time: Fri Jan 14 10:42:12 2022 Stindows 10 , 64 bit Build 19041 (10.0.19041.1348) elapsed time: 134.514341 seconds (0d 0h 2m 14s)

---------------  T H R E A D  ---------------

Current thread (0x49be7c60):  JavaThread "Netty Client IO #0" daemon [_thread_in_vm, id=17028, stack(0x46f10000,0x46f60000)]

Stack: [0x46f10000,0x46f60000]
Java frames: (J=compiled Java code, j=interpreted, Vv=VM code)
J 2046  java.lang.ClassLoader.defineClass0(Ljava/lang/ClassLoader;Ljava/lang/Class;Ljava/lang/String;[BIILjava/security/ProtectionDomain;ZILjava/lang/Object;)Ljava/lang/Class; java.base@17.0.1 (0 bytes) @ 0x032d1e7b [0x032d1da0+0x000000db]
J 2045 c1 java.lang.System$2.defineClass(Ljava/lang/ClassLoader;Ljava/lang/Class;Ljava/lang/String;[BLjava/security/ProtectionDomain;ZILjava/lang/Object;)Ljava/lang/Class; java.base@17.0.1 (21 bytes) @ 0x032d2148 [0x032d20e0+0x00000068]
J 1898 c1 java.lang.invoke.MethodHandles$Lookup$ClassDefiner.defineClass(ZLjava/lang/Object;)Ljava/lang/Class; java.base@17.0.1 (97 bytes) @ 0x03292374 [0x03292130+0x00000244]
J 2686 c1 java.lang.invoke.MethodHandles$Lookup.defineHiddenClass([BZ[Ljava/lang/invoke/MethodHandles$Lookup$ClassOption;)Ljava/lang/invoke/MethodHandles$Lookup; java.base@17.0.1 (69 bytes) @ 0x0336fca4 [0x0336fa10+0x00000294]
J 2405 c1 java.lang.invoke.InnerClassLambdaMetafactory.generateInnerClass()Ljava/lang/Class; java.base@17.0.1 (617 bytes) @ 0x03325d74 [0x03325230+0x00000b44]
J 2401 c1 java.lang.invoke.InnerClassLambdaMetafactory.spinInnerClass()Ljava/lang/Class; java.base@17.0.1 (111 bytes) @ 0x033289a0 [0x033288f0+0x000000b0]
J 2400 c1 java.lang.invoke.InnerClassLambdaMetafactory.buildCallSite()Ljava/lang/invoke/CallSite; java.base@17.0.1 (205 bytes) @ 0x03323b5c [0x03323b30+0x0000002c]
J 1875 c1 java.lang.invoke.LambdaMetafactory.metafactory(Ljava/lang/invoke/MethodHandles$Lookup;Ljava/lang/String;Ljava/lang/invoke/MethodType;Ljava/lang/invoke/MethodType;Ljava/lang/invoke/MethodHandle;Ljava/lang/invoke/MethodType;)Ljava/lang/invoke/CallSite; java.base@17.0.1 (71 bytes) @ 0x0328ac5c [0x0328ab60+0x000000fc]
J 2813 c1 java.lang.invoke.LambdaForm$DMH+0x472bc2c0.invokeStatic(Ljava/lang/Object;Ljava/lang/Object;Ljava/lang/Object;Ljava/lang/Object;Ljava/lang/Object;Ljava/lang/Object;Ljava/lang/Object;)Ljava/lang/Object; java.base@17.0.1 (31 bytes) @ 0x03391378 [0x03391330+0x00000048]
J 1941 c1 java.lang.invoke.BootstrapMethodInvoker.invoke(Ljava/lang/Class;Ljava/lang/invoke/MethodHandle;Ljava/lang/String;Ljava/lang/Object;Ljava/lang/Object;Ljava/lang/Class;)Ljava/lang/Object; java.base@17.0.1 (974 bytes) @ 0x032a162c [0x032a0550+0x000010dc]
J 1940 c1 java.lang.invoke.CallSite.makeSite(Ljava/lang/invoke/MethodHandle;Ljava/lang/String;Ljava/lang/invoke/MethodType;Ljava/lang/Object;Ljava/lang/Class;)Ljava/lang/invoke/CallSite; java.base@17.0.1 (91 bytes) @ 0x0329efa0 [0x0329ef60+0x00000040]
J 1815 c1 java.lang.invoke.MethodHandleNatives.linkCallSiteImpl(Ljava/lang/Class;Ljava/lang/invoke/MethodHandle;Ljava/lang/String;Ljava/lang/invoke/MethodType;Ljava/lang/Object;[Ljava/lang/Object;)Ljava/lang/invoke/MemberName; java.base@17.0.1 (44 bytes) @ 0x03277f20 [0x03277ef0+0x00000030]
J 1814 c1 java.lang.invoke.MethodHandleNatives.linkCallSite(Ljava/lang/Object;ILjava/lang/Object;Ljava/lang/Object;Ljava/lang/Object;Ljava/lang/Object;[Ljava/lang/Object;)Ljava/lang/invoke/MemberName; java.base@17.0.1 (66 bytes) @ 0x03277b78 [0x03277ac0+0x000000b8]
v  ~StubRoutines::call_stub
j  pm.<clinit>()V+1862
v  ~StubRoutines::call_stub
j  pl.channelActive(Lio/netty/channel/ChannelHandlerContext;)V+29
j  io.netty.channel.AbstractChannelHandlerContext.invokeChannelActive()V+15
j  io.netty.channel.AbstractChannelHandlerContext.invokeChannelActive(Lio/netty/channel/AbstractChannelHandlerContext;)V+15
j  io.netty.channel.AbstractChannelHandlerContext.fireChannelActive()Lio/netty/channel/ChannelHandlerContext;+6
j  io.netty.channel.ChannelInboundHandlerAdapter.channelActive(Lio/netty/channel/ChannelHandlerContext;)V+1
j  io.netty.handler.timeout.IdleStateHandler.channelActive(Lio/netty/channel/ChannelHandlerContext;)V+7
j  io.netty.channel.AbstractChannelHandlerContext.invokeChannelActive()V+15
j  io.netty.channel.AbstractChannelHandlerContext.invokeChannelActive(Lio/netty/channel/AbstractChannelHandlerContext;)V+15
j  io.netty.channel.AbstractChannelHandlerContext.fireChannelActive()Lio/netty/channel/ChannelHandlerContext;+6
j  io.netty.channel.DefaultChannelPipeline$HeadContext.channelActive(Lio/netty/channel/ChannelHandlerContext;)V+1
j  io.netty.channel.AbstractChannelHandlerContext.invokeChannelActive()V+15
j  io.netty.channel.AbstractChannelHandlerContext.invokeChannelActive(Lio/netty/channel/AbstractChannelHandlerContext;)V+15
j  io.netty.channel.DefaultChannelPipeline.fireChannelActive()Lio/netty/channel/ChannelPipeline;+4
j  io.netty.channel.nio.AbstractNioChannel$AbstractNioUnsafe.fulfillConnectPromise(Lio/netty/channel/ChannelPromise;Z)V+36
j  io.netty.channel.nio.AbstractNioChannel$AbstractNioUnsafe.finishConnect()V+51
j  io.netty.channel.nio.NioEventLoop.processSelectedKey(Ljava/nio/channels/SelectionKey;Lio/netty/channel/nio/AbstractNioChannel;)V+78
j  io.netty.channel.nio.NioEventLoop.processSelectedKeysOptimized()V+51
j  io.netty.channel.nio.NioEventLoop.processSelectedKeys()V+8
j  io.netty.channel.nio.NioEventLoop.run()V+263
j  io.netty.util.concurrent.SingleThreadEventExecutor$4.run()V+44
j  io.netty.util.internal.ThreadExecutorMap$2.run()V+11
j  java.lang.Thread.run()V+11 java.base@17.0.1
v  ~StubRoutines::call_stub

---------------  P R O C E S S  ---------------

Threads class SMR info:
_java_thread_list=0x4989f728, length=31, elements={
0x02ee39b8, 0x02fc5118, 0x02fc6550, 0x02fd0d30,
0x02fd17c8, 0x02fd2a30, 0x02fd3d40, 0x02fd8bc0,
0x02fd9828, 0x460b60c8, 0x460bca60, 0x47a3a1e8,
0x47a3ad88, 0x47eda6b8, 0x47a6fb48, 0x47a6eea8,
0x47a707e8, 0x47a70b10, 0x47a6f1d0, 0x49be7f88,
0x49be7938, 0x49be8f50, 0x49be8c28, 0x49be7610,
0x49be6970, 0x49bea240, 0x49be6fc0, 0x49be6c98,
0x49be72e8, 0x49be98c8, 0x49be7c60
}

Java Threads: ( => current thread )
  0x02ee39b8 JavaThread "Render thread" [_thread_in_native, id=11300, stack(0x016d0000,0x01720000)]
  0x02fc5118 JavaThread "Reference Handler" daemon [_thread_blocked, id=13984, stack(0x45460000,0x454b0000)]
  0x02fc6550 JavaThread "Finalizer" daemon [_thread_blocked, id=4976, stack(0x454f0000,0x45540000)]
  0x02fd0d30 JavaThread "Signal Dispatcher" daemon [_thread_blocked, id=10020, stack(0x45690000,0x456e0000)]
  0x02fd17c8 JavaThread "Attach Listener" daemon [_thread_blocked, id=9744, stack(0x45720000,0x45770000)]
  0x02fd2a30 JavaThread "Service Thread" daemon [_thread_blocked, id=10608, stack(0x457b0000,0x45800000)]
  0x02fd3d40 JavaThread "Monitor Deflation Thread" daemon [_thread_blocked, id=884, stack(0x46240000,0x46290000)]
  0x02fd8bc0 JavaThread "C1 CompilerThread0" daemon [_thread_blocked, id=4608, stack(0x462d0000,0x46320000)]
  0x02fd9828 JavaThread "Sweeper thread" daemon [_thread_blocked, id=8664, stack(0x46360000,0x463b0000)]
  0x460b60c8 JavaThread "Notification Thread" daemon [_thread_blocked, id=7484, stack(0x463f0000,0x46440000)]
  0x460bca60 JavaThread "Common-Cleaner" daemon [_thread_blocked, id=16380, stack(0x46510000,0x46560000)]
  0x47a3a1e8 JavaThread "Worker-Bootstrap-1" daemon [_thread_in_vm, id=16708, stack(0x484a0000,0x484f0000)]
  0x47a3ad88 JavaThread "Worker-Bootstrap-2" daemon [_thread_in_Java, id=17216, stack(0x48530000,0x48580000)]
  0x47eda6b8 JavaThread "Worker-Bootstrap-3" daemon [_thread_in_Java, id=2424, stack(0x485c0000,0x48610000)]
  0x47a6fb48 JavaThread "Timer hack thread" daemon [_thread_blocked, id=5368, stack(0x48650000,0x486a0000)]
  0x47a6eea8 JavaThread "Narrator" [_thread_blocked, id=16884, stack(0x50600000,0x50650000)]
  0x47a707e8 JavaThread "Worker-Main-4" daemon [_thread_blocked, id=1332, stack(0x53730000,0x53780000)]
  0x47a70b10 JavaThread "Worker-Main-5" daemon [_thread_blocked, id=9384, stack(0x537c0000,0x53810000)]
  0x47a6f1d0 JavaThread "Worker-Main-6" daemon [_thread_blocked, id=8528, stack(0x53c40000,0x53c90000)]
  0x49be7f88 JavaThread "IO-Worker-7" [_thread_blocked, id=11340, stack(0x562c0000,0x56310000)]
  0x49be7938 JavaThread "pool-2-thread-1" [_thread_blocked, id=9252, stack(0x56230000,0x56280000)]
  0x49be8f50 JavaThread "pool-2-thread-2" [_thread_blocked, id=4492, stack(0x5b300000,0x5b350000)]
  0x49be8c28 JavaThread "pool-2-thread-3" [_thread_blocked, id=16992, stack(0x5b390000,0x5b3e0000)]
  0x49be7610 JavaThread "Worker-Main-8" daemon [_thread_blocked, id=15320, stack(0x65370000,0x653c0000)]
  0x49be6970 JavaThread "Worker-Main-9" daemon [_thread_blocked, id=11204, stack(0x654f0000,0x65540000)]
  0x49bea240 JavaThread "Sound engine" daemon [_thread_blocked, id=6408, stack(0x01240000,0x01290000)]
  0x49be6fc0 JavaThread "Server Connector #1" [_thread_blocked, id=9128, stack(0x46e30000,0x46e80000)]
  0x49be6c98 JavaThread "Thread-5" daemon [_thread_in_native, id=11880, stack(0x50380000,0x503d0000)]
  0x49be72e8 JavaThread "IO-Worker-10" [_thread_blocked, id=11476, stack(0x50b90000,0x50be0000)]
  0x49be98c8 JavaThread "Keep-Alive-Timer" daemon [_thread_blocked, id=16928, stack(0x50e00000,0x50e50000)]
=>0x49be7c60 JavaThread "Netty Client IO #0" daemon [_thread_in_vm, id=17028, stack(0x46f10000,0x46f60000)]

Other Threads:
  0x02fb45a0 VMThread "VM Thread" [stack: 0x45410000,0x45460000] [id=16616]
  0x460b65d0 WatcherThread [stack: 0x46480000,0x464d0000] [id=15732]

Threads with active compile tasks:

VM state: not at safepoint (normal execution)

VM Mutex/Monitor currently owned by a thread:  ([mutex/lock_event])
[0x016ce788] Metaspace_lock - owner thread: 0x49be7c60

GC Precious Log:
 CPUs: 4 total, 4 available
 Memory: 8077M
 Large Page Support: Disabled
 NUMA Support: Disabled
 Compressed Oops: Disabled
 Heap Min Capacity: 512M
 Heap Initial Capacity: 512M
 Heap Max Capacity: 1024M
 Pre-touch: Disabled

Heap:
 def new generation   total 187456K, used 53803K [0x05200000, 0x11d60000, 0x1a750000)
  eden space 166656K,  31% used [0x05200000, 0x0853e738, 0x0f4c0000)
  from space 20800K,   6% used [0x0f4c0000, 0x0f60c5d0, 0x10910000)
  to   space 20800K,   0% used [0x10910000, 0x10910000, 0x11d60000)
 tenured generation   total 416408K, used 249844K [0x1a750000, 0x33df6000, 0x45200000)
   the space 416408K,  59% used [0x1a750000, 0x29b4d118, 0x29b4d200, 0x33df6000)
 Metaspace       used 47978K, committed 48384K, reserved 49152K

Card table byte_map: [0x45200000,0x45410000] _byte_map_base: 0x451d7000

Polling page: 0x01860000

Metaspace:

Usage:
   46.85 MB used.

Virtual space:
     48.00 MB reserved,      47.25 MB ( 98%) committed,  6 nodes.

Chunk freelists:
0 bytes

MaxMetaspaceSize: unlimited
No class space
Initial GC threshold: 16.00 MB
Current GC threshold: 74.19 MB
CDS: off
MetaspaceReclaimPolicy: balanced
 - commit_granule_bytes: 65536.
 - commit_granule_words: 16384.
 - virtual_space_node_default_size: 2097152.
 - enlarge_chunks_in_place: 1.
 - new_chunks_are_fully_committed: 0.
 - uncommit_free_chunks: 1.
 - use_allocation_guard: 0.
 - handle_deallocations: 1.


Internal statistics:

num_allocs_failed_limit: 9.
num_arena_births: 510.
num_arena_deaths: 0.
num_vsnodes_births: 6.
num_vsnodes_deaths: 0.
num_space_committed: 756.
num_space_uncommitted: 0.
num_chunks_returned_to_freelist: 9.
num_chunks_taken_from_freelist: 1992.
num_chunk_merges: 6.
num_chunk_splits: 1487.
num_chunks_enlarged: 1300.
num_purges: 0.
num_inconsistent_stats: 0.

CodeCache: size=32768Kb used=10053Kb max_used=10053Kb free=22714Kb
 bounds [0x02fe0000, 0x039b8000, 0x04fe0000]
 total_blobs=8687 nmethods=7811 adapters=808
 compilation: enabled
              stopped_count=0, restarted_count=0
 full_count=0

Compilation events (20 events):
Event: 134.371 Thread 0x02fd8bc0 7801             java.lang.Class::isEnum (27 bytes)
Event: 134.371 Thread 0x02fd8bc0 nmethod 7801 0x039ae448 code [0x039ae560, 0x039ae66c]
Event: 134.371 Thread 0x02fd8bc0 7802             java.lang.WeakPairMap$Pair$Lookup::hashCode (12 bytes)
Event: 134.371 Thread 0x02fd8bc0 nmethod 7802 0x039ae6c8 code [0x039ae7f0, 0x039ae8d8]
Event: 134.371 Thread 0x02fd8bc0 7803             java.util.Collections::singletonIterator (9 bytes)
Event: 134.371 Thread 0x02fd8bc0 nmethod 7803 0x039ae988 code [0x039aea90, 0x039aeb80]
Event: 134.371 Thread 0x02fd8bc0 7804             java.util.Collections$1::<init> (15 bytes)
Event: 134.371 Thread 0x02fd8bc0 nmethod 7804 0x039aec08 code [0x039aed10, 0x039aedd0]
Event: 134.385 Thread 0x02fd8bc0 7805             io.netty.util.internal.ObjectUtil::checkNotNull (15 bytes)
Event: 134.386 Thread 0x02fd8bc0 nmethod 7805 0x039af0c8 code [0x039af1e0, 0x039af2fc]
Event: 134.386 Thread 0x02fd8bc0 7807   !         java.security.AccessController::doPrivileged (22 bytes)
Event: 134.386 Thread 0x02fd8bc0 nmethod 7807 0x039af388 code [0x039af4c0, 0x039af654]
Event: 134.386 Thread 0x02fd8bc0 7808             java.lang.reflect.Method::getAnnotation (6 bytes)
Event: 134.386 Thread 0x02fd8bc0 nmethod 7808 0x039af748 code [0x039af8b0, 0x039afb1c]
Event: 134.386 Thread 0x02fd8bc0 7809             java.lang.reflect.Executable::getAnnotation (23 bytes)
Event: 134.386 Thread 0x02fd8bc0 nmethod 7809 0x039afc88 code [0x039afdf0, 0x039b005c]
Event: 134.391 Thread 0x02fd8bc0 7810             java.lang.reflect.AccessibleObject::isAnnotationPresent (6 bytes)
Event: 134.391 Thread 0x02fd8bc0 nmethod 7810 0x039b01c8 code [0x039b02e0, 0x039b03bc]
Event: 134.394 Thread 0x02fd8bc0 7811             java.lang.reflect.AnnotatedElement::isAnnotationPresent (16 bytes)
Event: 134.394 Thread 0x02fd8bc0 nmethod 7811 0x039b0448 code [0x039b0560, 0x039b063c]

GC Heap History (20 events):
Event: 132.161 GC heap before
{Heap before GC invocations=623 (full 2):
 def new generation   total 157376K, used 141471K [0x05200000, 0x0fcc0000, 0x1a750000)
  eden space 139904K, 100% used [0x05200000, 0x0daa0000, 0x0daa0000)
  from space 17472K,   8% used [0x0daa0000, 0x0dc27fb8, 0x0ebb0000)
  to   space 17472K,   0% used [0x0ebb0000, 0x0ebb0000, 0x0fcc0000)
 tenured generation   total 349568K, used 249463K [0x1a750000, 0x2fcb0000, 0x45200000)
   the space 349568K,  71% used [0x1a750000, 0x29aedda8, 0x29aede00, 0x2fcb0000)
 Metaspace       used 44798K, committed 45248K, reserved 49152K
}
Event: 132.167 GC heap after
{Heap after GC invocations=624 (full 2):
 def new generation   total 157376K, used 1538K [0x05200000, 0x0fcc0000, 0x1a750000)
  eden space 139904K,   0% used [0x05200000, 0x05200000, 0x0daa0000)
  from space 17472K,   8% used [0x0ebb0000, 0x0ed30ac8, 0x0fcc0000)
  to   space 17472K,   0% used [0x0daa0000, 0x0daa0000, 0x0ebb0000)
 tenured generation   total 349568K, used 249492K [0x1a750000, 0x2fcb0000, 0x45200000)
   the space 349568K,  71% used [0x1a750000, 0x29af5278, 0x29af5400, 0x2fcb0000)
 Metaspace       used 44798K, committed 45248K, reserved 49152K
}
Event: 132.379 GC heap before
{Heap before GC invocations=624 (full 2):
 def new generation   total 157376K, used 141442K [0x05200000, 0x0fcc0000, 0x1a750000)
  eden space 139904K, 100% used [0x05200000, 0x0daa0000, 0x0daa0000)
  from space 17472K,   8% used [0x0ebb0000, 0x0ed30ac8, 0x0fcc0000)
  to   space 17472K,   0% used [0x0daa0000, 0x0daa0000, 0x0ebb0000)
 tenured generation   total 349568K, used 249492K [0x1a750000, 0x2fcb0000, 0x45200000)
   the space 349568K,  71% used [0x1a750000, 0x29af5278, 0x29af5400, 0x2fcb0000)
 Metaspace       used 44798K, committed 45248K, reserved 49152K
}
Event: 132.386 GC heap after
{Heap after GC invocations=625 (full 2):
 def new generation   total 157376K, used 226K [0x05200000, 0x0fcc0000, 0x1a750000)
  eden space 139904K,   0% used [0x05200000, 0x05200000, 0x0daa0000)
  from space 17472K,   1% used [0x0daa0000, 0x0dad8b98, 0x0ebb0000)
  to   space 17472K,   0% used [0x0ebb0000, 0x0ebb0000, 0x0fcc0000)
 tenured generation   total 349568K, used 250839K [0x1a750000, 0x2fcb0000, 0x45200000)
   the space 349568K,  71% used [0x1a750000, 0x29c45dc0, 0x29c45e00, 0x2fcb0000)
 Metaspace       used 44798K, committed 45248K, reserved 49152K
}
Event: 132.579 GC heap before
{Heap before GC invocations=625 (full 2):
 def new generation   total 157376K, used 140130K [0x05200000, 0x0fcc0000, 0x1a750000)
  eden space 139904K, 100% used [0x05200000, 0x0daa0000, 0x0daa0000)
  from space 17472K,   1% used [0x0daa0000, 0x0dad8b98, 0x0ebb0000)
  to   space 17472K,   0% used [0x0ebb0000, 0x0ebb0000, 0x0fcc0000)
 tenured generation   total 349568K, used 250839K [0x1a750000, 0x2fcb0000, 0x45200000)
   the space 349568K,  71% used [0x1a750000, 0x29c45dc0, 0x29c45e00, 0x2fcb0000)
 Metaspace       used 44824K, committed 45312K, reserved 49152K
}
Event: 132.582 GC heap after
{Heap after GC invocations=626 (full 2):
 def new generation   total 157376K, used 247K [0x05200000, 0x0fcc0000, 0x1a750000)
  eden space 139904K,   0% used [0x05200000, 0x05200000, 0x0daa0000)
  from space 17472K,   1% used [0x0ebb0000, 0x0ebedfc0, 0x0fcc0000)
  to   space 17472K,   0% used [0x0daa0000, 0x0daa0000, 0x0ebb0000)
 tenured generation   total 349568K, used 250842K [0x1a750000, 0x2fcb0000, 0x45200000)
   the space 349568K,  71% used [0x1a750000, 0x29c46b88, 0x29c46c00, 0x2fcb0000)
 Metaspace       used 44824K, committed 45312K, reserved 49152K
}
Event: 132.721 GC heap before
{Heap before GC invocations=626 (full 2):
 def new generation   total 157376K, used 95531K [0x05200000, 0x0fcc0000, 0x1a750000)
  eden space 139904K,  68% used [0x05200000, 0x0af0cce0, 0x0daa0000)
  from space 17472K,   1% used [0x0ebb0000, 0x0ebedfc0, 0x0fcc0000)
  to   space 17472K,   0% used [0x0daa0000, 0x0daa0000, 0x0ebb0000)
 tenured generation   total 349568K, used 250842K [0x1a750000, 0x2fcb0000, 0x45200000)
   the space 349568K,  71% used [0x1a750000, 0x29c46b88, 0x29c46c00, 0x2fcb0000)
 Metaspace       used 45125K, committed 45568K, reserved 49152K
}
Event: 133.277 GC heap after
{Heap after GC invocations=627 (full 3):
 def new generation   total 187456K, used 0K [0x05200000, 0x11d60000, 0x1a750000)
  eden space 166656K,   0% used [0x05200000, 0x05200000, 0x0f4c0000)
  from space 20800K,   0% used [0x0f4c0000, 0x0f4c0000, 0x10910000)
  to   space 20800K,   0% used [0x10910000, 0x10910000, 0x11d60000)
 tenured generation   total 416408K, used 249844K [0x1a750000, 0x33df6000, 0x45200000)
   the space 416408K,  59% used [0x1a750000, 0x29b4d118, 0x29b4d200, 0x33df6000)
 Metaspace       used 45125K, committed 45568K, reserved 49152K
}
Event: 133.501 GC heap before
{Heap before GC invocations=627 (full 3):
 def new generation   total 187456K, used 166656K [0x05200000, 0x11d60000, 0x1a750000)
  eden space 166656K, 100% used [0x05200000, 0x0f4c0000, 0x0f4c0000)
  from space 20800K,   0% used [0x0f4c0000, 0x0f4c0000, 0x10910000)
  to   space 20800K,   0% used [0x10910000, 0x10910000, 0x11d60000)
 tenured generation   total 416408K, used 249844K [0x1a750000, 0x33df6000, 0x45200000)
   the space 416408K,  59% used [0x1a750000, 0x29b4d118, 0x29b4d200, 0x33df6000)
 Metaspace       used 45147K, committed 45632K, reserved 49152K
}
Event: 133.503 GC heap after
{Heap after GC invocations=628 (full 3):
 def new generation   total 187456K, used 160K [0x05200000, 0x11d60000, 0x1a750000)
  eden space 166656K,   0% used [0x05200000, 0x05200000, 0x0f4c0000)
  from space 20800K,   0% used [0x10910000, 0x10938098, 0x11d60000)
  to   space 20800K,   0% used [0x0f4c0000, 0x0f4c0000, 0x10910000)
 tenured generation   total 416408K, used 249844K [0x1a750000, 0x33df6000, 0x45200000)
   the space 416408K,  59% used [0x1a750000, 0x29b4d118, 0x29b4d200, 0x33df6000)
 Metaspace       used 45147K, committed 45632K, reserved 49152K
}
Event: 133.708 GC heap before
{Heap before GC invocations=628 (full 3):
 def new generation   total 187456K, used 166816K [0x05200000, 0x11d60000, 0x1a750000)
  eden space 166656K, 100% used [0x05200000, 0x0f4c0000, 0x0f4c0000)
  from space 20800K,   0% used [0x10910000, 0x10938098, 0x11d60000)
  to   space 20800K,   0% used [0x0f4c0000, 0x0f4c0000, 0x10910000)
 tenured generation   total 416408K, used 249844K [0x1a750000, 0x33df6000, 0x45200000)
   the space 416408K,  59% used [0x1a750000, 0x29b4d118, 0x29b4d200, 0x33df6000)
 Metaspace       used 45147K, committed 45632K, reserved 49152K
}
Event: 133.709 GC heap after
{Heap after GC invocations=629 (full 3):
 def new generation   total 187456K, used 185K [0x05200000, 0x11d60000, 0x1a750000)
  eden space 166656K,   0% used [0x05200000, 0x05200000, 0x0f4c0000)
  from space 20800K,   0% used [0x0f4c0000, 0x0f4ee690, 0x10910000)
  to   space 20800K,   0% used [0x10910000, 0x10910000, 0x11d60000)
 tenured generation   total 416408K, used 249844K [0x1a750000, 0x33df6000, 0x45200000)
   the space 416408K,  59% used [0x1a750000, 0x29b4d118, 0x29b4d200, 0x33df6000)
 Metaspace       used 45147K, committed 45632K, reserved 49152K
}
Event: 133.894 GC heap before
{Heap before GC invocations=629 (full 3):
 def new generation   total 187456K, used 166841K [0x05200000, 0x11d60000, 0x1a750000)
  eden space 166656K, 100% used [0x05200000, 0x0f4c0000, 0x0f4c0000)
  from space 20800K,   0% used [0x0f4c0000, 0x0f4ee690, 0x10910000)
  to   space 20800K,   0% used [0x10910000, 0x10910000, 0x11d60000)
 tenured generation   total 416408K, used 249844K [0x1a750000, 0x33df6000, 0x45200000)
   the space 416408K,  59% used [0x1a750000, 0x29b4d118, 0x29b4d200, 0x33df6000)
 Metaspace       used 45151K, committed 45632K, reserved 49152K
}
Event: 133.896 GC heap after
{Heap after GC invocations=630 (full 3):
 def new generation   total 187456K, used 355K [0x05200000, 0x11d60000, 0x1a750000)
  eden space 166656K,   0% used [0x05200000, 0x05200000, 0x0f4c0000)
  from space 20800K,   1% used [0x10910000, 0x10968ea0, 0x11d60000)
  to   space 20800K,   0% used [0x0f4c0000, 0x0f4c0000, 0x10910000)
 tenured generation   total 416408K, used 249844K [0x1a750000, 0x33df6000, 0x45200000)
   the space 416408K,  59% used [0x1a750000, 0x29b4d118, 0x29b4d200, 0x33df6000)
 Metaspace       used 45151K, committed 45632K, reserved 49152K
}
Event: 134.061 GC heap before
{Heap before GC invocations=630 (full 3):
 def new generation   total 187456K, used 167011K [0x05200000, 0x11d60000, 0x1a750000)
  eden space 166656K, 100% used [0x05200000, 0x0f4c0000, 0x0f4c0000)
  from space 20800K,   1% used [0x10910000, 0x10968ea0, 0x11d60000)
  to   space 20800K,   0% used [0x0f4c0000, 0x0f4c0000, 0x10910000)
 tenured generation   total 416408K, used 249844K [0x1a750000, 0x33df6000, 0x45200000)
   the space 416408K,  59% used [0x1a750000, 0x29b4d118, 0x29b4d200, 0x33df6000)
 Metaspace       used 45503K, committed 45952K, reserved 49152K
}
Event: 134.063 GC heap after
{Heap after GC invocations=631 (full 3):
 def new generation   total 187456K, used 592K [0x05200000, 0x11d60000, 0x1a750000)
  eden space 166656K,   0% used [0x05200000, 0x05200000, 0x0f4c0000)
  from space 20800K,   2% used [0x0f4c0000, 0x0f554138, 0x10910000)
  to   space 20800K,   0% used [0x10910000, 0x10910000, 0x11d60000)
 tenured generation   total 416408K, used 249844K [0x1a750000, 0x33df6000, 0x45200000)
   the space 416408K,  59% used [0x1a750000, 0x29b4d118, 0x29b4d200, 0x33df6000)
 Metaspace       used 45503K, committed 45952K, reserved 49152K
}
Event: 134.275 GC heap before
{Heap before GC invocations=631 (full 3):
 def new generation   total 187456K, used 167248K [0x05200000, 0x11d60000, 0x1a750000)
  eden space 166656K, 100% used [0x05200000, 0x0f4c0000, 0x0f4c0000)
  from space 20800K,   2% used [0x0f4c0000, 0x0f554138, 0x10910000)
  to   space 20800K,   0% used [0x10910000, 0x10910000, 0x11d60000)
 tenured generation   total 416408K, used 249844K [0x1a750000, 0x33df6000, 0x45200000)
   the space 416408K,  59% used [0x1a750000, 0x29b4d118, 0x29b4d200, 0x33df6000)
 Metaspace       used 46364K, committed 46784K, reserved 49152K
}
Event: 134.278 GC heap after
{Heap after GC invocations=632 (full 3):
 def new generation   total 187456K, used 956K [0x05200000, 0x11d60000, 0x1a750000)
  eden space 166656K,   0% used [0x05200000, 0x05200000, 0x0f4c0000)
  from space 20800K,   4% used [0x10910000, 0x109ff310, 0x11d60000)
  to   space 20800K,   0% used [0x0f4c0000, 0x0f4c0000, 0x10910000)
 tenured generation   total 416408K, used 249844K [0x1a750000, 0x33df6000, 0x45200000)
   the space 416408K,  59% used [0x1a750000, 0x29b4d118, 0x29b4d200, 0x33df6000)
 Metaspace       used 46364K, committed 46784K, reserved 49152K
}
Event: 134.463 GC heap before
{Heap before GC invocations=632 (full 3):
 def new generation   total 187456K, used 167612K [0x05200000, 0x11d60000, 0x1a750000)
  eden space 166656K, 100% used [0x05200000, 0x0f4c0000, 0x0f4c0000)
  from space 20800K,   4% used [0x10910000, 0x109ff310, 0x11d60000)
  to   space 20800K,   0% used [0x0f4c0000, 0x0f4c0000, 0x10910000)
 tenured generation   total 416408K, used 249844K [0x1a750000, 0x33df6000, 0x45200000)
   the space 416408K,  59% used [0x1a750000, 0x29b4d118, 0x29b4d200, 0x33df6000)
 Metaspace       used 47658K, committed 48064K, reserved 49152K
}
Event: 134.467 GC heap after
{Heap after GC invocations=633 (full 3):
 def new generation   total 187456K, used 1329K [0x05200000, 0x11d60000, 0x1a750000)
  eden space 166656K,   0% used [0x05200000, 0x05200000, 0x0f4c0000)
  from space 20800K,   6% used [0x0f4c0000, 0x0f60c5d0, 0x10910000)
  to   space 20800K,   0% used [0x10910000, 0x10910000, 0x11d60000)
 tenured generation   total 416408K, used 249844K [0x1a750000, 0x33df6000, 0x45200000)
   the space 416408K,  59% used [0x1a750000, 0x29b4d118, 0x29b4d200, 0x33df6000)
 Metaspace       used 47658K, committed 48064K, reserved 49152K
}

Deoptimization events (16 events):
Event: 0.382 Thread 0x02ee39b8 DEOPT PACKING pc=0x030779c4 sp=0x0171f410
Event: 0.382 Thread 0x02ee39b8 DEOPT UNPACKING pc=0x03023287 sp=0x0171f310 mode 3
Event: 1.942 Thread 0x02ee39b8 DEOPT PACKING pc=0x0313de11 sp=0x0171e3b0
Event: 1.942 Thread 0x02ee39b8 DEOPT UNPACKING pc=0x03023287 sp=0x0171e230 mode 3
Event: 3.128 Thread 0x02ee39b8 DEOPT PACKING pc=0x0321b239 sp=0x0171e620
Event: 3.128 Thread 0x02ee39b8 DEOPT UNPACKING pc=0x03023287 sp=0x0171e4f8 mode 3
Event: 5.182 Thread 0x02ee39b8 DEOPT PACKING pc=0x033575fd sp=0x0171caf0
Event: 5.182 Thread 0x02ee39b8 DEOPT UNPACKING pc=0x03023287 sp=0x0171c980 mode 3
Event: 11.371 Thread 0x02ee39b8 DEOPT PACKING pc=0x035ecb34 sp=0x0171e440
Event: 11.371 Thread 0x02ee39b8 DEOPT UNPACKING pc=0x03023287 sp=0x0171e344 mode 3
Event: 12.704 Thread 0x49be7938 DEOPT PACKING pc=0x036e3c39 sp=0x5627ee70
Event: 12.704 Thread 0x49be7938 DEOPT UNPACKING pc=0x03023287 sp=0x5627ed00 mode 3
Event: 22.470 Thread 0x49be7938 DEOPT PACKING pc=0x036e40a7 sp=0x5627f430
Event: 22.470 Thread 0x49be7938 DEOPT UNPACKING pc=0x03023287 sp=0x5627f2a4 mode 3
Event: 133.284 Thread 0x49be7f88 DEOPT PACKING pc=0x0399c254 sp=0x5630ee00
Event: 133.284 Thread 0x49be7f88 DEOPT UNPACKING pc=0x03023287 sp=0x5630ecd8 mode 3

Classes unloaded (0 events):
No events

Classes redefined (0 events):
No events

Internal exceptions (20 events):
Event: 12.183 Thread 0x47a6f1d0 Exception <a 'java/lang/NoSuchMethodError'{0x09f64078}: 'void java.lang.invoke.DirectMethodHandle$Holder.invokeSpecial(java.lang.Object, java.lang.Object, int, java.lang.Object)'> (0x09f64078) 
thrown [j:\jenkins\tmp\workspace\build\src\src\hotspot\share\interpreter\linkResolver.cpp, line 766]
Event: 14.718 Thread 0x47a6f1d0 Exception <a 'java/lang/NoSuchMethodError'{0x08551300}: 'void java.lang.invoke.DirectMethodHandle$Holder.invokeSpecial(java.lang.Object, java.lang.Object, java.lang.Object, java.lang.Object, java.lang.Object, java.lang.Object)'> (0x08551300) 
thrown [j:\jenkins\tmp\workspace\build\src\src\hotspot\share\interpreter\linkResolver.cpp, line 766]
Event: 18.584 Thread 0x49be7610 Exception <a 'java/lang/NoSuchMethodError'{0x078361c8}: 'void java.lang.invoke.DirectMethodHandle$Holder.invokeVirtual(java.lang.Object, java.lang.Object, long, int)'> (0x078361c8) 
thrown [j:\jenkins\tmp\workspace\build\src\src\hotspot\share\interpreter\linkResolver.cpp, line 766]
Event: 19.537 Thread 0x47a6f1d0 Exception <a 'java/lang/NoSuchMethodError'{0x0a63f3e8}: 'java.lang.Object java.lang.invoke.Invokers$Holder.linkToTargetMethod(java.lang.Object, int, java.lang.Object, java.lang.Object, java.lang.Object, java.lang.Object)'> (0x0a63f3e8) 
thrown [j:\jenkins\tmp\workspace\build\src\src\hotspot\share\interpreter\linkResolver.cpp, line 766]
Event: 20.344 Thread 0x02ee39b8 Exception <a 'java/lang/NoSuchMethodError'{0x0c23d8c0}: 'java.lang.Object java.lang.invoke.DirectMethodHandle$Holder.invokeInterface(java.lang.Object, java.lang.Object, java.lang.Object, java.lang.Object)'> (0x0c23d8c0) 
thrown [j:\jenkins\tmp\workspace\build\src\src\hotspot\share\interpreter\linkResolver.cpp, line 766]
Event: 24.472 Thread 0x02ee39b8 Exception <a 'java/lang/NoSuchMethodError'{0x06295b80}: 'java.lang.Object java.lang.invoke.DirectMethodHandle$Holder.newInvokeSpecial(java.lang.Object, java.lang.Object, int, int, java.lang.Object, java.lang.Object)'> (0x06295b80) 
thrown [j:\jenkins\tmp\workspace\build\src\src\hotspot\share\interpreter\linkResolver.cpp, line 766]
Event: 24.472 Thread 0x02ee39b8 Exception <a 'java/lang/NoSuchMethodError'{0x06299d18}: 'java.lang.Object java.lang.invoke.DirectMethodHandle$Holder.invokeSpecial(java.lang.Object, java.lang.Object, java.lang.Object, int, int, java.lang.Object, java.lang.Object)'> (0x06299d18) 
thrown [j:\jenkins\tmp\workspace\build\src\src\hotspot\share\interpreter\linkResolver.cpp, line 766]
Event: 25.439 Thread 0x02ee39b8 Exception <a 'java/lang/NoSuchMethodError'{0x0cd813d8}: 'double java.lang.invoke.DirectMethodHandle$Holder.invokeStatic(java.lang.Object, java.lang.Object)'> (0x0cd813d8) 
thrown [j:\jenkins\tmp\workspace\build\src\src\hotspot\share\interpreter\linkResolver.cpp, line 766]
Event: 25.439 Thread 0x02ee39b8 Exception <a 'java/lang/NoSuchMethodError'{0x0cd84bf8}: 'double java.lang.invoke.DirectMethodHandle$Holder.invokeStaticInit(java.lang.Object, java.lang.Object)'> (0x0cd84bf8) 
thrown [j:\jenkins\tmp\workspace\build\src\src\hotspot\share\interpreter\linkResolver.cpp, line 766]
Event: 28.191 Thread 0x02ee39b8 Exception <a 'java/lang/NoSuchMethodError'{0x0b420878}: 'int java.lang.invoke.DirectMethodHandle$Holder.invokeStatic(java.lang.Object, java.lang.Object, int, int)'> (0x0b420878) 
thrown [j:\jenkins\tmp\workspace\build\src\src\hotspot\share\interpreter\linkResolver.cpp, line 766]
Event: 28.195 Thread 0x02ee39b8 Exception <a 'java/lang/NoSuchMethodError'{0x0b5b83c8}: 'void java.lang.invoke.DirectMethodHandle$Holder.invokeSpecial(java.lang.Object, java.lang.Object, int)'> (0x0b5b83c8) 
thrown [j:\jenkins\tmp\workspace\build\src\src\hotspot\share\interpreter\linkResolver.cpp, line 766]
Event: 28.220 Thread 0x02ee39b8 Exception <a 'java/lang/NoSuchMethodError'{0x0bffbf48}: 'int java.lang.invoke.DirectMethodHandle$Holder.invokeStaticInit(java.lang.Object, int)'> (0x0bffbf48) 
thrown [j:\jenkins\tmp\workspace\build\src\src\hotspot\share\interpreter\linkResolver.cpp, line 766]
Event: 28.221 Thread 0x02ee39b8 Exception <a 'java/lang/NoSuchMethodError'{0x0c1ee360}: 'int java.lang.invoke.DirectMethodHandle$Holder.invokeStatic(java.lang.Object, java.lang.Object, java.lang.Object, int, java.lang.Object, int)'> (0x0c1ee360) 
thrown [j:\jenkins\tmp\workspace\build\src\src\hotspot\share\interpreter\linkResolver.cpp, line 766]
Event: 59.278 Thread 0x02ee39b8 Exception <a 'java/lang/NoSuchMethodError'{0x08189f78}: 'java.lang.Object java.lang.invoke.DirectMethodHandle$Holder.invokeSpecial(java.lang.Object, java.lang.Object, double, double, int)'> (0x08189f78) 
thrown [j:\jenkins\tmp\workspace\build\src\src\hotspot\share\interpreter\linkResolver.cpp, line 766]
Event: 123.456 Thread 0x02ee39b8 Exception <a 'java/lang/NoSuchMethodError'{0x07128c78}: 'java.lang.Object java.lang.invoke.DirectMethodHandle$Holder.invokeSpecial(java.lang.Object, java.lang.Object, java.lang.Object, java.lang.Object, int, java.lang.Object)'> (0x07128c78) 
thrown [j:\jenkins\tmp\workspace\build\src\src\hotspot\share\interpreter\linkResolver.cpp, line 766]
Event: 123.456 Thread 0x02ee39b8 Exception <a 'java/lang/NoSuchMethodError'{0x0712c2f0}: 'java.lang.Object java.lang.invoke.Invokers$Holder.linkToTargetMethod(java.lang.Object, java.lang.Object, int, java.lang.Object, java.lang.Object)'> (0x0712c2f0) 
thrown [j:\jenkins\tmp\workspace\build\src\src\hotspot\share\interpreter\linkResolver.cpp, line 766]
Event: 126.968 Thread 0x02ee39b8 Exception <a 'java/lang/NoSuchMethodError'{0x05bf85b8}: 'java.lang.Object java.lang.invoke.DirectMethodHandle$Holder.newInvokeSpecial(java.lang.Object, java.lang.Object, long, int, int)'> (0x05bf85b8) 
thrown [j:\jenkins\tmp\workspace\build\src\src\hotspot\share\interpreter\linkResolver.cpp, line 766]
Event: 132.592 Thread 0x49be6fc0 Exception <a 'sun/nio/fs/WindowsException'{0x0551fb30}> (0x0551fb30) 
thrown [j:\jenkins\tmp\workspace\build\src\src\hotspot\share\prims\jni.cpp, line 516]
Event: 134.133 Thread 0x49be6fc0 Exception <a 'java/lang/UnsatisfiedLinkError'{0x08773e80}: 'int io.netty.channel.epoll.Native.offsetofEpollData()'> (0x08773e80) 
thrown [j:\jenkins\tmp\workspace\build\src\src\hotspot\share\prims\nativeLookup.cpp, line 543]
Event: 134.134 Thread 0x49be6fc0 Exception <a 'java/lang/ExceptionInInitializerError'{0x08774b10}> (0x08774b10) 
thrown [j:\jenkins\tmp\workspace\build\src\src\hotspot\share\oops\instanceKlass.cpp, line 1168]

VM Operations (20 events):
Event: 133.501 Executing VM operation: GenCollectForAllocation
Event: 133.503 Executing VM operation: GenCollectForAllocation done
Event: 133.708 Executing VM operation: GenCollectForAllocation
Event: 133.709 Executing VM operation: GenCollectForAllocation done
Event: 133.894 Executing VM operation: GenCollectForAllocation
Event: 133.896 Executing VM operation: GenCollectForAllocation done
Event: 134.060 Executing VM operation: GenCollectForAllocation
Event: 134.065 Executing VM operation: GenCollectForAllocation done
Event: 134.082 Executing VM operation: HandshakeAllThreads
Event: 134.082 Executing VM operation: HandshakeAllThreads done
Event: 134.224 Executing VM operation: HandshakeAllThreads
Event: 134.224 Executing VM operation: HandshakeAllThreads done
Event: 134.251 Executing VM operation: HandshakeAllThreads
Event: 134.251 Executing VM operation: HandshakeAllThreads done
Event: 134.275 Executing VM operation: GenCollectForAllocation
Event: 134.278 Executing VM operation: GenCollectForAllocation done
Event: 134.405 Executing VM operation: HandshakeAllThreads
Event: 134.405 Executing VM operation: HandshakeAllThreads done
Event: 134.462 Executing VM operation: GenCollectForAllocation
Event: 134.467 Executing VM operation: GenCollectForAllocation done

Events (20 events):
Event: 134.301 loading class java/util/concurrent/atomic/AtomicLongFieldUpdater$CASUpdater$1 done
Event: 134.322 loading class sun/nio/ch/SocketAdaptor
Event: 134.323 loading class sun/nio/ch/SocketAdaptor done
Event: 134.323 loading class sun/nio/ch/DummySocketImpl
Event: 134.323 loading class sun/nio/ch/DummySocketImpl done
Event: 134.353 loading class java/nio/ReadOnlyBufferException
Event: 134.353 loading class java/nio/ReadOnlyBufferException done
Event: 134.370 loading class sun/nio/ch/SocketChannelImpl$DefaultOptionsHolder
Event: 134.370 loading class sun/nio/ch/SocketChannelImpl$DefaultOptionsHolder done
Event: 134.373 Thread 0x49be7c60 Thread added: 0x49be7c60
Event: 134.376 loading class sun/nio/ch/SelectionKeyImpl
Event: 134.376 loading class java/nio/channels/spi/AbstractSelectionKey
Event: 134.376 loading class java/nio/channels/spi/AbstractSelectionKey done
Event: 134.376 loading class sun/nio/ch/SelectionKeyImpl done
Event: 134.376 loading class java/lang/invoke/ConstantBootstraps
Event: 134.377 loading class java/lang/invoke/ConstantBootstraps done
Event: 134.400 loading class java/nio/channels/UnsupportedAddressTypeException
Event: 134.400 loading class java/nio/channels/UnsupportedAddressTypeException done
Event: 134.404 loading class java/nio/channels/spi/AbstractSelector$1
Event: 134.404 loading class java/nio/channels/spi/AbstractSelector$1 done


Dynamic libraries:
0x00600000 - 0x0060c000 	E:\Adoptium Temurin Open JDK 17.1\OpenJDKJRE\bin\javaw.exe
0x772e0000 - 0x77483000 	C:\Windows\SYSTEM32\ntdll.dll
0x76930000 - 0x76a20000 	C:\Windows\System32\KERNEL32.DLL
0x761d0000 - 0x763e4000 	C:\Windows\System32\KERNELBASE.dll
0x75410000 - 0x75530000 	C:\Windows\System32\ucrtbase.dll
0x525c0000 - 0x525d4000 	E:\Adoptium Temurin Open JDK 17.1\OpenJDKJRE\bin\jli.dll
0x751f0000 - 0x75390000 	C:\Windows\System32\USER32.dll
0x76b90000 - 0x76ba8000 	C:\Windows\System32\win32u.dll
0x753e0000 - 0x75404000 	C:\Windows\System32\GDI32.dll
0x766a0000 - 0x7677e000 	C:\Windows\System32\gdi32full.dll
0x771b0000 - 0x7722b000 	C:\Windows\System32\msvcp_win.dll
0x525a0000 - 0x525b4000 	E:\Adoptium Temurin Open JDK 17.1\OpenJDKJRE\bin\VCRUNTIME140.dll
0x71d10000 - 0x71f20000 	C:\Windows\WinSxS\x86_microsoft.windows.common-controls_6595b64144ccf1df_6.0.19041.1110_none_a8625c1886757984\COMCTL32.dll
0x75530000 - 0x755ef000 	C:\Windows\System32\msvcrt.dll
0x77080000 - 0x770a5000 	C:\Windows\System32\IMM32.DLL
0x52440000 - 0x524b1000 	E:\Adoptium Temurin Open JDK 17.1\OpenJDKJRE\bin\msvcp140.dll
0x51180000 - 0x516ac000 	E:\Adoptium Temurin Open JDK 17.1\OpenJDKJRE\bin\client\jvm.dll
0x77250000 - 0x772ca000 	C:\Windows\System32\ADVAPI32.dll
0x76620000 - 0x76695000 	C:\Windows\System32\sechost.dll
0x76480000 - 0x7653f000 	C:\Windows\System32\RPCRT4.dll
0x77070000 - 0x77076000 	C:\Windows\System32\PSAPI.DLL
0x721e0000 - 0x721e8000 	C:\Windows\SYSTEM32\WSOCK32.dll
0x74570000 - 0x74598000 	C:\Windows\SYSTEM32\WINMM.dll
0x76160000 - 0x761c3000 	C:\Windows\System32\WS2_32.dll
0x74020000 - 0x74028000 	C:\Windows\SYSTEM32\VERSION.dll
0x73760000 - 0x7376f000 	C:\Windows\SYSTEM32\kernel.appcore.dll
0x54110000 - 0x54119000 	E:\Adoptium Temurin Open JDK 17.1\OpenJDKJRE\bin\jimage.dll
0x710d0000 - 0x71258000 	C:\Windows\SYSTEM32\DBGHELP.DLL
0x5fb10000 - 0x5fb36000 	C:\Windows\SYSTEM32\dbgcore.DLL
0x76540000 - 0x7659f000 	C:\Windows\System32\bcryptPrimitives.dll
0x52410000 - 0x52431000 	E:\Adoptium Temurin Open JDK 17.1\OpenJDKJRE\bin\java.dll
0x75ba0000 - 0x76156000 	C:\Windows\System32\SHELL32.dll
0x71320000 - 0x7192c000 	C:\Windows\SYSTEM32\windows.storage.dll
0x76d00000 - 0x76f81000 	C:\Windows\System32\combase.dll
0x71020000 - 0x71045000 	C:\Windows\SYSTEM32\Wldp.dll
0x76bb0000 - 0x76c37000 	C:\Windows\System32\SHCORE.dll
0x75ab0000 - 0x75af5000 	C:\Windows\System32\shlwapi.dll
0x6fba0000 - 0x6fbb8000 	C:\Windows\SYSTEM32\profapi.dll
0x523f0000 - 0x52404000 	E:\Adoptium Temurin Open JDK 17.1\OpenJDKJRE\bin\net.dll
0x723b0000 - 0x7247b000 	C:\Windows\SYSTEM32\WINHTTP.dll
0x72300000 - 0x72352000 	C:\Windows\system32\mswsock.dll
0x523d0000 - 0x523e2000 	E:\Adoptium Temurin Open JDK 17.1\OpenJDKJRE\bin\nio.dll
0x523b0000 - 0x523c4000 	E:\Adoptium Temurin Open JDK 17.1\OpenJDKJRE\bin\zip.dll
0x6d720000 - 0x6d731000 	C:\Windows\system32\napinsp.dll
0x6d700000 - 0x6d716000 	C:\Windows\system32\pnrpnsp.dll
0x6d6f0000 - 0x6d700000 	C:\Windows\system32\wshbth.dll
0x6d6d0000 - 0x6d6e6000 	C:\Windows\system32\NLAapi.dll
0x745a0000 - 0x745d2000 	C:\Windows\SYSTEM32\IPHLPAPI.DLL
0x73c60000 - 0x73cf1000 	C:\Windows\SYSTEM32\DNSAPI.dll
0x75390000 - 0x75397000 	C:\Windows\System32\NSI.dll
0x6d6c0000 - 0x6d6ce000 	C:\Windows\System32\winrnr.dll
0x6fb90000 - 0x6fb98000 	C:\Windows\System32\rasadhlp.dll
0x6fb00000 - 0x6fb58000 	C:\Windows\System32\fwpuclnt.dll
0x77230000 - 0x77249000 	C:\Windows\System32\bcrypt.dll
0x71280000 - 0x71294000 	C:\Windows\SYSTEM32\dhcpcsvc6.DLL
0x71260000 - 0x71276000 	C:\Windows\SYSTEM32\dhcpcsvc.DLL
0x526a0000 - 0x526a8000 	E:\Adoptium Temurin Open JDK 17.1\OpenJDKJRE\bin\management.dll
0x523a0000 - 0x523a9000 	E:\Adoptium Temurin Open JDK 17.1\OpenJDKJRE\bin\management_ext.dll
0x6f360000 - 0x6f373000 	C:\Windows\SYSTEM32\CRYPTSP.dll
0x6f330000 - 0x6f35f000 	C:\Windows\system32\rsaenh.dll
0x750f0000 - 0x75115000 	C:\Windows\SYSTEM32\USERENV.dll
0x6fc00000 - 0x6fc0a000 	C:\Windows\SYSTEM32\CRYPTBASE.dll
0x52360000 - 0x5239a000 	C:\Users\Minecraft-Modding\AppData\Local\Temp\jna-139926176\jna11742876010586929478.dll
0x76780000 - 0x76863000 	C:\Windows\System32\Ole32.dll
0x765a0000 - 0x7661e000 	C:\Windows\System32\clbcatq.dll
0x75b00000 - 0x75b96000 	C:\Windows\System32\OleAut32.dll
0x6df30000 - 0x6df42000 	C:\Windows\SYSTEM32\amsi.dll
0x6dec0000 - 0x6df2c000 	C:\ProgramData\Microsoft\Windows Defender\Platform\4.18.2111.5-0\X86\MpOav.dll
0x50940000 - 0x5097f000 	C:\Windows\SYSTEM32\Pdh.dll
0x52350000 - 0x5235d000 	C:\Windows\System32\perfos.dll
0x51110000 - 0x5117d000 	E:\MultiMC\MultiMC\instances\1.18.1\natives\lwjgl32.dll
0x52310000 - 0x5234e000 	E:\MultiMC\MultiMC\instances\1.18.1\natives\jemalloc32.dll
0x52300000 - 0x5230b000 	E:\Adoptium Temurin Open JDK 17.1\OpenJDKJRE\bin\sunmscapi.dll
0x770b0000 - 0x771aa000 	C:\Windows\System32\CRYPT32.dll
0x6acc0000 - 0x6ace1000 	C:\Windows\SYSTEM32\ncrypt.dll
0x6fb60000 - 0x6fb88000 	C:\Windows\SYSTEM32\NTASN1.dll
0x50730000 - 0x50788000 	E:\MultiMC\MultiMC\instances\1.18.1\natives\glfw32.dll
0x744f0000 - 0x74564000 	C:\Windows\system32\uxtheme.dll
0x510d0000 - 0x51107000 	C:\Windows\SYSTEM32\dinput8.dll
0x522f0000 - 0x522fd000 	C:\Windows\SYSTEM32\xinput1_4.dll
0x753a0000 - 0x753db000 	C:\Windows\System32\cfgmgr32.dll
0x721b0000 - 0x721db000 	C:\Windows\SYSTEM32\DEVOBJ.dll
0x69a20000 - 0x69b0d000 	C:\Windows\SYSTEM32\inputhost.dll
0x6a4d0000 - 0x6a56b000 	C:\Windows\SYSTEM32\CoreMessaging.dll
0x6c770000 - 0x6c84b000 	C:\Windows\SYSTEM32\wintypes.dll
0x663b0000 - 0x6662e000 	C:\Windows\SYSTEM32\CoreUIComponents.dll
0x6b7a0000 - 0x6b862000 	C:\Windows\SYSTEM32\PROPSYS.dll
0x71930000 - 0x71959000 	C:\Windows\SYSTEM32\ntmarta.dll
0x73840000 - 0x73866000 	C:\Windows\SYSTEM32\dwmapi.dll
0x76f90000 - 0x77064000 	C:\Windows\System32\MSCTF.dll
0x6fbd0000 - 0x6fbda000 	C:\Windows\SYSTEM32\HID.DLL
0x75670000 - 0x75aac000 	C:\Windows\System32\SETUPAPI.DLL
0x751a0000 - 0x751e7000 	C:\Windows\System32\WINTRUST.dll
0x712a0000 - 0x712ae000 	C:\Windows\SYSTEM32\MSASN1.dll
0x77ef0000 - 0x77ff3000 	C:\Windows\SYSTEM32\opengl32.dll
0x507a0000 - 0x507df000 	C:\Windows\SYSTEM32\GLU32.dll
0x78920000 - 0x79183000 	C:\Windows\SYSTEM32\ig75icd32.dll
0x62480000 - 0x62d4a000 	C:\Windows\SYSTEM32\igdusc32.dll
0x744e0000 - 0x744ef000 	C:\Windows\SYSTEM32\WTSAPI32.dll
0x697c0000 - 0x697ec000 	C:\Windows\SYSTEM32\dxcore.dll
0x6d500000 - 0x6d544000 	C:\Windows\SYSTEM32\powrprof.dll
0x6cf70000 - 0x6cf7d000 	C:\Windows\SYSTEM32\UMPDC.dll
0x65690000 - 0x65753000 	C:\Windows\SYSTEM32\dxgi.dll
0x65760000 - 0x65940000 	C:\Windows\SYSTEM32\d3d11.dll
0x62d50000 - 0x63981000 	C:\Windows\SYSTEM32\igd10iumd32.dll
0x6a570000 - 0x6a629000 	C:\Windows\SYSTEM32\textinputframework.dll
0x50660000 - 0x506b3000 	E:\MultiMC\MultiMC\instances\1.18.1\natives\lwjgl_opengl32.dll
0x50300000 - 0x50371000 	E:\MultiMC\MultiMC\instances\1.18.1\natives\lwjgl_stb32.dll
0x697f0000 - 0x69883000 	C:\Windows\SYSTEM32\mscms.dll
0x6b6e0000 - 0x6b6ec000 	C:\Windows\SYSTEM32\ColorAdapterClient.dll
0x77eb0000 - 0x77eee000 	C:\Windows\SYSTEM32\icm32.dll
0x77db0000 - 0x77eaf000 	E:\MultiMC\MultiMC\instances\1.18.1\natives\OpenAL32.dll
0x6b5e0000 - 0x6b64b000 	C:\Windows\System32\MMDevApi.dll
0x50570000 - 0x50587000 	E:\MultiMC\MultiMC\instances\1.18.1\natives\SAPIWrapper_x86.dll
0x7b5d0000 - 0x7b711000 	C:\Windows\System32\Speech\Common\sapi.dll
0x73f70000 - 0x73f89000 	C:\Windows\SYSTEM32\MSACM32.dll
0x6acf0000 - 0x6acf9000 	C:\Windows\SYSTEM32\msdmo.dll
0x72160000 - 0x7217d000 	C:\Windows\SYSTEM32\winmmbase.dll
0x6c530000 - 0x6c666000 	C:\Windows\SYSTEM32\AUDIOSES.DLL
0x6a4a0000 - 0x6a4af000 	C:\Windows\SYSTEM32\resourcepolicyclient.dll
0x50e80000 - 0x50f14000 	C:\Windows\SYSTEM32\TextShaping.dll
0x01300000 - 0x01306000 	C:\Windows\system32\wshunix.dll

dbghelp: loaded successfully - version: 4.0.5 - missing functions: none
symbol engine: initialized successfully - sym options: 0x614 - pdb path: .;E:\Adoptium Temurin Open JDK 17.1\OpenJDKJRE\bin;C:\Windows\SYSTEM32;C:\Windows\WinSxS\x86_microsoft.windows.common-controls_6595b64144ccf1df_6.0.19041.1110_none_a8625c1886757984;E:\Adoptium Temurin Open JDK 17.1\OpenJDKJRE\bin\client;C:\Users\Minecraft-Modding\AppData\Local\Temp\jna-139926176;C:\ProgramData\Microsoft\Windows Defender\Platform\4.18.2111.5-0\X86;E:\MultiMC\MultiMC\instances\1.18.1\natives

VM Arguments:
jvm_args: -XX:HeapDumpPath=MojangTricksIntelDriversForPerformance_javaw.exe_minecraft.exe.heapdump -Xms512m -Xmx1024m -Duser.language=en -Djava.library.path=E:/MultiMC/MultiMC/instances/1.18.1/natives 
java_command: org.multimc.EntryPoint
java_class_path (initial): E:/MultiMC/MultiMC/jars/NewLaunch.jar;E:/MultiMC/MultiMC/libraries/org/lwjgl/lwjgl-glfw/3.2.2/lwjgl-glfw-3.2.2.jar;E:/MultiMC/MultiMC/libraries/org/lwjgl/lwjgl-jemalloc/3.2.2/lwjgl-jemalloc-3.2.2.jar;E:/MultiMC/MultiMC/libraries/org/lwjgl/lwjgl-openal/3.2.2/lwjgl-openal-3.2.2.jar;E:/MultiMC/MultiMC/libraries/org/lwjgl/lwjgl-opengl/3.2.2/lwjgl-opengl-3.2.2.jar;E:/MultiMC/MultiMC/libraries/org/lwjgl/lwjgl-stb/3.2.2/lwjgl-stb-3.2.2.jar;E:/MultiMC/MultiMC/libraries/org/lwjgl/lwjgl-tinyfd/3.2.2/lwjgl-tinyfd-3.2.2.jar;E:/MultiMC/MultiMC/libraries/org/lwjgl/lwjgl/3.2.2/lwjgl-3.2.2.jar;E:/MultiMC/MultiMC/libraries/com/mojang/blocklist/1.0.6/blocklist-1.0.6.jar;E:/MultiMC/MultiMC/libraries/com/mojang/patchy/2.1.6/patchy-2.1.6.jar;E:/MultiMC/MultiMC/libraries/com/github/oshi/oshi-core/5.8.2/oshi-core-5.8.2.jar;E:/MultiMC/MultiMC/libraries/net/java/dev/jna/jna/5.9.0/jna-5.9.0.jar;E:/MultiMC/MultiMC/libraries/net/java/dev/jna/jna-platform/5.9.0/jna-platform-5.9.0.jar;E:/MultiMC/MultiMC/libraries/org/slf4j/slf4j-api/1.8.0-beta4/slf4j-api-1.8.0-beta4.jar;E:/MultiMC/MultiMC/libraries/org/apache/logging/log4j/log4j-slf4j18-impl/2.16.0/log4j-slf4j18-impl-2.16.0.jar;E:/MultiMC/MultiMC/libraries/com/ibm/icu/icu4j/69.1/icu4j-69.1.jar;E:/MultiMC/MultiMC/libraries/com/mojang/javabridge/1.2.24/javabridge-1.2.24.jar;E:/MultiMC/MultiMC/libraries/net/sf/jopt-simple/jopt-simple/5.0.4/jopt-simple-5.0.4.jar;E:/MultiMC/MultiMC/libraries/io/netty/netty-all/4.1.68.Final/netty-all-4.1.68.Final.jar;E:/MultiMC/MultiMC/libraries/com/google/guava/failureaccess/1.0.1/failureaccess-1.0.1.jar;E:/MultiMC/MultiMC/libraries/com/google/guava/guava/31.0.1-jre/guava-31.0.1-jre.jar;E:/MultiMC/MultiMC/libraries/org/apache/commons/commons-lang3/3.12.0/commons-lang3-3.12.0.jar;E:/MultiMC/MultiMC/libraries/commons-io/commons-io/2.11.0/commons-io-2.11.0.jar;E:/MultiMC/MultiMC/libraries/commons-codec/commons-codec/1.15/commons-codec-1.15.jar;E:/MultiMC/MultiMC/libraries/com/mojang/brigadie
Launcher Type: SUN_STANDARD

[Global flags]
     intx CICompilerCount                          = 1                                         {product} {ergonomic}
    uintx CodeCacheExpansionSize                   = 32768                                  {pd product} {ergonomic}
    ccstr HeapDumpPath                             = MojangTricksIntelDriversForPerformance_javaw.exe_minecraft.exe.heapdump         {manageable} {command line}
    uintx InitialCodeCacheSize                     = 163840                                 {pd product} {ergonomic}
   size_t InitialHeapSize                          = 536870912                                 {product} {command line}
   size_t MaxHeapSize                              = 1073741824                                {product} {command line}
   size_t MaxNewSize                               = 357892096                                 {product} {ergonomic}
   size_t MinHeapDeltaBytes                        = 131072                                    {product} {ergonomic}
   size_t MinHeapSize                              = 536870912                                 {product} {command line}
     bool NeverActAsServerClassMachine             = true                                   {pd product} {ergonomic}
   size_t NewSize                                  = 178913280                                 {product} {ergonomic}
    uintx NonNMethodCodeHeapSize                   = 5242880                                {pd product} {ergonomic}
    uintx NonProfiledCodeHeapSize                  = 0                                      {pd product} {ergonomic}
   size_t OldSize                                  = 357957632                                 {product} {ergonomic}
     bool ProfileInterpreter                       = false                                  {pd product} {ergonomic}
    uintx ProfiledCodeHeapSize                     = 0                                      {pd product} {ergonomic}
    uintx ReservedCodeCacheSize                    = 33554432                               {pd product} {ergonomic}
   size_t SoftMaxHeapSize                          = 1073741824                             {manageable} {ergonomic}
     bool UseLargePagesIndividualAllocation        = false                                  {pd product} {ergonomic}
     bool UseSerialGC                              = true                                      {product} {ergonomic}

Logging:
Log output configuration:
 #0: stdout all=warning uptime,level,tags
 #1: stderr all=off uptime,level,tags

Environment Variables:
PATH=C:\Program Files (x86)\Razer\ChromaBroadcast\bin;C:\Program Files\Razer\ChromaBroadcast\bin;C:\Program Files\Common Files\Oracle\Java\javapath;C:\Program Files (x86)\VMware\VMware Workstation\bin\;C:\Program Files\Eclipse Adoptium\jdk-8.0.312.7-hotspot\bin;C:\Program Files\Eclipse Adoptium\jdk-17.0.1.12-hotspot\bin;C:\Program Files (x86)\Common Files\Oracle\Java\javapath;C:\Program Files\OpenJDK\jdk-8.0.262.10-hotspot\bin;C:\Windows\system32;C:\Windows;C:\Windows\System32\Wbem;C:\Windows\System32\WindowsPowerShell\v1.0\;C:\Windows\System32\OpenSSH\;C:\Program Files (x86)\Gpg4win\..\GnuPG\bin;C:\Program Files\WorldPainter;C:\Program Files\Git\cmd;C:\Program Files\Java\jdk-17.0.1\bin;C:\Windows\system32\config\systemprofile\AppData\Local\Microsoft\WindowsApps;C:\Users\Minecraft-Modding\AppData\Local\Microsoft\WindowsApps;
USERNAME=Minecraft-Modding
OS=Windows_NT
PROCESSOR_IDENTIFIER=Intel64 Family 6 Model 60 Stepping 3, GenuineIntel



---------------  S Y S T E M  ---------------

OS:
 Windows 10 , 64 bit Build 19041 (10.0.19041.1348)
OS uptime: 0 days 13:44 hours

CPU: total 4 (initial active 4) (4 cores per cpu, 1 threads per core) family 6 model 60 stepping 3 microcode 0x27, cx8, cmov, fxsr, mmx, sse, sse2, sse3, ssse3, sse4.1, sse4.2, popcnt, lzcnt, tsc, tscinvbit, avx, avx2, aes, erms, clmul, bmi1, bmi2, fma, vzeroupper, clflush

Memory: 4k page, system-wide physical 8077M (977M free)
TotalPageFile size 20365M (AvailPageFile size 9611M), user-mode portion of virtual address-space 2047M (200M free)
current process WorkingSet (physical memory assigned to process): 887M, peak: 917M
current process commit charge ("private bytes"): 1155M, peak: 1155M

vm_info: OpenJDK Client VM (17.0.1+12) for windows-x86 JRE (17.0.1+12), built on Dec  1 2021 16:04:38 by "" with MS VC++ 16.7 (VS2019)

END.
