[15:18:06] [main/INFO] [LaunchWrapper]: Loading tweak class name net.minecraftforge.fml.common.launcher.FMLTweaker
[15:18:06] [main/INFO] [LaunchWrapper]: Using primary tweak class name net.minecraftforge.fml.common.launcher.FMLTweaker
[15:18:06] [main/INFO] [LaunchWrapper]: Calling tweak class net.minecraftforge.fml.common.launcher.FMLTweaker
[15:18:06] [main/DEBUG] [FML]: Injecting tracing printstreams for STDOUT/STDERR.
[15:18:06] [main/INFO] [FML]: Forge Mod Loader version 14.23.5.2860 for Minecraft 1.12.2 loading
[15:18:06] [main/INFO] [FML]: Java is Java HotSpot(TM) 64-Bit Server VM, version 1.8.0_311, running on Windows 10:amd64:10.0, installed at E:\OpenJre 8\Java_64
[15:18:06] [main/DEBUG] [FML]: Java classpath at launch is:
[15:18:06] [main/DEBUG] [FML]:     E:/MultiMC/MultiMC/jars/NewLaunch.jar
[15:18:06] [main/DEBUG] [FML]:     E:/MultiMC/MultiMC/libraries/net/java/jinput/jinput/2.0.5/jinput-2.0.5.jar
[15:18:06] [main/DEBUG] [FML]:     E:/MultiMC/MultiMC/libraries/net/java/jutils/jutils/1.0.0/jutils-1.0.0.jar
[15:18:06] [main/DEBUG] [FML]:     E:/MultiMC/MultiMC/libraries/org/lwjgl/lwjgl/lwjgl/2.9.4-nightly-20150209/lwjgl-2.9.4-nightly-20150209.jar
[15:18:06] [main/DEBUG] [FML]:     E:/MultiMC/MultiMC/libraries/org/lwjgl/lwjgl/lwjgl_util/2.9.4-nightly-20150209/lwjgl_util-2.9.4-nightly-20150209.jar
[15:18:06] [main/DEBUG] [FML]:     E:/MultiMC/MultiMC/libraries/com/mojang/patchy/1.3.9/patchy-1.3.9.jar
[15:18:06] [main/DEBUG] [FML]:     E:/MultiMC/MultiMC/libraries/oshi-project/oshi-core/1.1/oshi-core-1.1.jar
[15:18:06] [main/DEBUG] [FML]:     E:/MultiMC/MultiMC/libraries/net/java/dev/jna/jna/4.4.0/jna-4.4.0.jar
[15:18:06] [main/DEBUG] [FML]:     E:/MultiMC/MultiMC/libraries/net/java/dev/jna/platform/3.4.0/platform-3.4.0.jar
[15:18:06] [main/DEBUG] [FML]:     E:/MultiMC/MultiMC/libraries/com/ibm/icu/icu4j-core-mojang/51.2/icu4j-core-mojang-51.2.jar
[15:18:06] [main/DEBUG] [FML]:     E:/MultiMC/MultiMC/libraries/net/sf/jopt-simple/jopt-simple/5.0.3/jopt-simple-5.0.3.jar
[15:18:06] [main/DEBUG] [FML]:     E:/MultiMC/MultiMC/libraries/com/paulscode/codecjorbis/20101023/codecjorbis-20101023.jar
[15:18:06] [main/DEBUG] [FML]:     E:/MultiMC/MultiMC/libraries/com/paulscode/codecwav/20101023/codecwav-20101023.jar
[15:18:06] [main/DEBUG] [FML]:     E:/MultiMC/MultiMC/libraries/com/paulscode/libraryjavasound/20101123/libraryjavasound-20101123.jar
[15:18:06] [main/DEBUG] [FML]:     E:/MultiMC/MultiMC/libraries/com/paulscode/librarylwjglopenal/20100824/librarylwjglopenal-20100824.jar
[15:18:06] [main/DEBUG] [FML]:     E:/MultiMC/MultiMC/libraries/com/paulscode/soundsystem/20120107/soundsystem-20120107.jar
[15:18:06] [main/DEBUG] [FML]:     E:/MultiMC/MultiMC/libraries/io/netty/netty-all/4.1.9.Final/netty-all-4.1.9.Final.jar
[15:18:06] [main/DEBUG] [FML]:     E:/MultiMC/MultiMC/libraries/com/google/guava/guava/21.0/guava-21.0.jar
[15:18:06] [main/DEBUG] [FML]:     E:/MultiMC/MultiMC/libraries/org/apache/commons/commons-lang3/3.5/commons-lang3-3.5.jar
[15:18:06] [main/DEBUG] [FML]:     E:/MultiMC/MultiMC/libraries/commons-io/commons-io/2.5/commons-io-2.5.jar
[15:18:06] [main/DEBUG] [FML]:     E:/MultiMC/MultiMC/libraries/commons-codec/commons-codec/1.10/commons-codec-1.10.jar
[15:18:06] [main/DEBUG] [FML]:     E:/MultiMC/MultiMC/libraries/com/google/code/gson/gson/2.8.0/gson-2.8.0.jar
[15:18:06] [main/DEBUG] [FML]:     E:/MultiMC/MultiMC/libraries/com/mojang/authlib/1.5.25/authlib-1.5.25.jar
[15:18:06] [main/DEBUG] [FML]:     E:/MultiMC/MultiMC/libraries/com/mojang/realms/1.10.22/realms-1.10.22.jar
[15:18:06] [main/DEBUG] [FML]:     E:/MultiMC/MultiMC/libraries/org/apache/commons/commons-compress/1.8.1/commons-compress-1.8.1.jar
[15:18:06] [main/DEBUG] [FML]:     E:/MultiMC/MultiMC/libraries/org/apache/httpcomponents/httpclient/4.3.3/httpclient-4.3.3.jar
[15:18:06] [main/DEBUG] [FML]:     E:/MultiMC/MultiMC/libraries/commons-logging/commons-logging/1.1.3/commons-logging-1.1.3.jar
[15:18:06] [main/DEBUG] [FML]:     E:/MultiMC/MultiMC/libraries/org/apache/httpcomponents/httpcore/4.3.2/httpcore-4.3.2.jar
[15:18:06] [main/DEBUG] [FML]:     E:/MultiMC/MultiMC/libraries/it/unimi/dsi/fastutil/7.1.0/fastutil-7.1.0.jar
[15:18:06] [main/DEBUG] [FML]:     E:/MultiMC/MultiMC/libraries/org/apache/logging/log4j/log4j-api/2.16.0/log4j-api-2.16.0.jar
[15:18:06] [main/DEBUG] [FML]:     E:/MultiMC/MultiMC/libraries/org/apache/logging/log4j/log4j-core/2.16.0/log4j-core-2.16.0.jar
[15:18:06] [main/DEBUG] [FML]:     E:/MultiMC/MultiMC/libraries/com/mojang/text2speech/1.10.3/text2speech-1.10.3.jar
[15:18:06] [main/DEBUG] [FML]:     E:/MultiMC/MultiMC/libraries/net/minecraftforge/forge/1.12.2-14.23.5.2860/forge-1.12.2-14.23.5.2860-universal.jar
[15:18:06] [main/DEBUG] [FML]:     E:/MultiMC/MultiMC/libraries/org/ow2/asm/asm-debug-all/5.2/asm-debug-all-5.2.jar
[15:18:06] [main/DEBUG] [FML]:     E:/MultiMC/MultiMC/libraries/net/minecraft/launchwrapper/1.12/launchwrapper-1.12.jar
[15:18:06] [main/DEBUG] [FML]:     E:/MultiMC/MultiMC/libraries/org/jline/jline/3.5.1/jline-3.5.1.jar
[15:18:06] [main/DEBUG] [FML]:     E:/MultiMC/MultiMC/libraries/com/typesafe/akka/akka-actor_2.11/2.3.3/akka-actor_2.11-2.3.3.jar
[15:18:06] [main/DEBUG] [FML]:     E:/MultiMC/MultiMC/libraries/com/typesafe/config/1.2.1/config-1.2.1.jar
[15:18:06] [main/DEBUG] [FML]:     E:/MultiMC/MultiMC/libraries/org/scala-lang/scala-actors-migration_2.11/1.1.0/scala-actors-migration_2.11-1.1.0.jar
[15:18:06] [main/DEBUG] [FML]:     E:/MultiMC/MultiMC/libraries/org/scala-lang/scala-compiler/2.11.1/scala-compiler-2.11.1.jar
[15:18:06] [main/DEBUG] [FML]:     E:/MultiMC/MultiMC/libraries/org/scala-lang/plugins/scala-continuations-library_2.11/1.0.2_mc/scala-continuations-library_2.11-1.0.2_mc.jar
[15:18:06] [main/DEBUG] [FML]:     E:/MultiMC/MultiMC/libraries/org/scala-lang/plugins/scala-continuations-plugin_2.11.1/1.0.2_mc/scala-continuations-plugin_2.11.1-1.0.2_mc.jar
[15:18:06] [main/DEBUG] [FML]:     E:/MultiMC/MultiMC/libraries/org/scala-lang/scala-library/2.11.1/scala-library-2.11.1.jar
[15:18:06] [main/DEBUG] [FML]:     E:/MultiMC/MultiMC/libraries/org/scala-lang/scala-parser-combinators_2.11/1.0.1/scala-parser-combinators_2.11-1.0.1.jar
[15:18:06] [main/DEBUG] [FML]:     E:/MultiMC/MultiMC/libraries/org/scala-lang/scala-reflect/2.11.1/scala-reflect-2.11.1.jar
[15:18:06] [main/DEBUG] [FML]:     E:/MultiMC/MultiMC/libraries/org/scala-lang/scala-swing_2.11/1.0.1/scala-swing_2.11-1.0.1.jar
[15:18:06] [main/DEBUG] [FML]:     E:/MultiMC/MultiMC/libraries/org/scala-lang/scala-xml_2.11/1.0.2/scala-xml_2.11-1.0.2.jar
[15:18:06] [main/DEBUG] [FML]:     E:/MultiMC/MultiMC/libraries/lzma/lzma/0.0.1/lzma-0.0.1.jar
[15:18:06] [main/DEBUG] [FML]:     E:/MultiMC/MultiMC/libraries/java3d/vecmath/1.5.2/vecmath-1.5.2.jar
[15:18:06] [main/DEBUG] [FML]:     E:/MultiMC/MultiMC/libraries/net/sf/trove4j/trove4j/3.0.3/trove4j-3.0.3.jar
[15:18:06] [main/DEBUG] [FML]:     E:/MultiMC/MultiMC/libraries/org/apache/maven/maven-artifact/3.5.3/maven-artifact-3.5.3.jar
[15:18:06] [main/DEBUG] [FML]:     E:/MultiMC/MultiMC/libraries/com/mojang/minecraft/1.12.2/minecraft-1.12.2-client.jar
[15:18:06] [main/DEBUG] [FML]: Java library path at launch is:
[15:18:06] [main/DEBUG] [FML]:     E:/MultiMC/MultiMC/instances/1.12.21/natives
[15:18:06] [main/DEBUG] [FML]: Determined Minecraft Libraries Root: E:\MultiMC\MultiMC\libraries
[15:18:06] [main/DEBUG] [FML]: Cleaning up mods folder: E:\MultiMC\MultiMC\instances\1.12.21\.minecraft\mods
[15:18:06] [main/DEBUG] [FML]: Examining file: OptiFine_1.12.2_HD_U_G5.jar
[15:18:06] [main/DEBUG] [FML]: Enabling runtime deobfuscation
[15:18:06] [main/DEBUG] [FML]: Instantiating coremod class FMLCorePlugin
[15:18:06] [main/DEBUG] [FML]: Found signing certificates for coremod FMLCorePlugin (net.minecraftforge.fml.relauncher.FMLCorePlugin)
[15:18:06] [main/DEBUG] [FML]: Found certificate e3c3d50c7c986df74c645c0ac54639741c90a557
[15:18:06] [main/DEBUG] [FML]: Added access transformer class net.minecraftforge.fml.common.asm.transformers.AccessTransformer to enqueued access transformers
[15:18:06] [main/DEBUG] [FML]: Enqueued coremod FMLCorePlugin
[15:18:06] [main/DEBUG] [FML]: Instantiating coremod class FMLForgePlugin
[15:18:06] [main/DEBUG] [FML]: Found signing certificates for coremod FMLForgePlugin (net.minecraftforge.classloading.FMLForgePlugin)
[15:18:06] [main/DEBUG] [FML]: Found certificate e3c3d50c7c986df74c645c0ac54639741c90a557
[15:18:06] [main/DEBUG] [FML]: Enqueued coremod FMLForgePlugin
[15:18:06] [main/DEBUG] [FML]: All fundamental core mods are successfully located
[15:18:06] [main/DEBUG] [FML]: Discovering coremods
[15:18:06] [main/INFO] [FML]: Searching E:\MultiMC\MultiMC\instances\1.12.21\.minecraft\mods for mods
[15:18:06] [main/DEBUG] [FML]:   Adding OptiFine_1.12.2_HD_U_G5.jar to the mod list
[15:18:06] [main/DEBUG] [FML]: Examining for coremod candidacy OptiFine_1.12.2_HD_U_G5.jar
[15:18:06] [main/INFO] [FML]: Loading tweaker optifine.OptiFineForgeTweaker from OptiFine_1.12.2_HD_U_G5.jar
[15:18:06] [main/INFO] [LaunchWrapper]: Loading tweak class name net.minecraftforge.fml.common.launcher.FMLInjectionAndSortingTweaker
[15:18:06] [main/INFO] [LaunchWrapper]: Loading tweak class name optifine.OptiFineForgeTweaker
[15:18:06] [main/INFO] [LaunchWrapper]: Loading tweak class name net.minecraftforge.fml.common.launcher.FMLDeobfTweaker
[15:18:06] [main/INFO] [LaunchWrapper]: Calling tweak class net.minecraftforge.fml.common.launcher.FMLInjectionAndSortingTweaker
[15:18:06] [main/INFO] [LaunchWrapper]: Calling tweak class net.minecraftforge.fml.common.launcher.FMLInjectionAndSortingTweaker
[15:18:06] [main/INFO] [LaunchWrapper]: Calling tweak class optifine.OptiFineForgeTweaker
[15:18:06] [main/INFO] [STDOUT]: [optifine.OptiFineForgeTweaker:dbg:56]: OptiFineForgeTweaker: acceptOptions
[15:18:06] [main/INFO] [STDOUT]: [optifine.OptiFineForgeTweaker:dbg:56]: OptiFineForgeTweaker: injectIntoClassLoader
[15:18:06] [main/INFO] [STDOUT]: [optifine.OptiFineClassTransformer:dbg:242]: OptiFine ClassTransformer
[15:18:06] [main/INFO] [STDOUT]: [optifine.OptiFineClassTransformer:dbg:242]: OptiFine ZIP file: E:\MultiMC\MultiMC\instances\1.12.21\.minecraft\mods\OptiFine_1.12.2_HD_U_G5.jar
[15:18:06] [main/INFO] [LaunchWrapper]: Calling tweak class net.minecraftforge.fml.relauncher.CoreModManager$FMLPluginWrapper
[15:18:06] [main/DEBUG] [FML]: Injecting coremod FMLCorePlugin \{net.minecraftforge.fml.relauncher.FMLCorePlugin\} class transformers
[15:18:06] [main/TRACE] [FML]: Registering transformer net.minecraftforge.fml.common.asm.transformers.SideTransformer
[15:18:06] [main/TRACE] [FML]: Registering transformer net.minecraftforge.fml.common.asm.transformers.EventSubscriptionTransformer
[15:18:06] [main/TRACE] [FML]: Registering transformer net.minecraftforge.fml.common.asm.transformers.EventSubscriberTransformer
[15:18:06] [main/TRACE] [FML]: Registering transformer net.minecraftforge.fml.common.asm.transformers.SoundEngineFixTransformer
[15:18:06] [main/DEBUG] [FML]: Injection complete
[15:18:06] [main/DEBUG] [FML]: Running coremod plugin for FMLCorePlugin \{net.minecraftforge.fml.relauncher.FMLCorePlugin\}
[15:18:06] [main/DEBUG] [FML]: Running coremod plugin FMLCorePlugin
[15:18:07] [main/DEBUG] [FML]: Read 1154 binary patches
