[14:30:38] [main/INFO]: Loading Minecraft 1.18.1 with Fabric Loader 0.12.12
[14:30:38] [main/INFO]: Loading 50 mods:
	- fabric 0.45.2+1.18
	- fabric-api-base 0.4.1+b4f4f6cd65 via fabric
	- fabric-api-lookup-api-v1 1.5.0+17be577f65 via fabric
	- fabric-biome-api-v1 6.0.1+ded849a965 via fabric
	- fabric-blockrenderlayer-v1 1.1.9+3ac43d9565 via fabric
	- fabric-command-api-v1 1.1.6+3ac43d9565 via fabric
	- fabric-commands-v0 0.2.5+b4f4f6cd65 via fabric
	- fabric-containers-v0 0.1.18+d154e2c665 via fabric
	- fabric-content-registries-v0 0.4.5+6f53a73d65 via fabric
	- fabric-crash-report-info-v1 0.1.8+3ac43d9565 via fabric
	- fabric-dimensions-v1 2.1.9+a1d9bbf565 via fabric
	- fabric-entity-events-v1 1.4.5+6b21378a65 via fabric
	- fabric-events-interaction-v0 0.4.16+bfa23f1765 via fabric
	- fabric-events-lifecycle-v0 0.2.6+b4f4f6cd65 via fabric
	- fabric-game-rule-api-v1 1.0.10+3ac43d9565 via fabric
	- fabric-item-api-v1 1.3.0+691a79b565 via fabric
	- fabric-item-groups-v0 0.3.3+3ac43d9565 via fabric
	- fabric-key-binding-api-v1 1.0.8+c8aba2f365 via fabric
	- fabric-keybindings-v0 0.2.6+b4f4f6cd65 via fabric
	- fabric-lifecycle-events-v1 1.4.10+c15ca33565 via fabric
	- fabric-loot-tables-v1 1.0.8+3ac43d9565 via fabric
	- fabric-mining-level-api-v1 1.0.3+3ac43d9565 via fabric
	- fabric-mining-levels-v0 0.1.8+b4f4f6cd65 via fabric
	- fabric-models-v0 0.3.3+3ac43d9565 via fabric
	- fabric-networking-api-v1 1.0.18+3ac43d9565 via fabric
	- fabric-networking-v0 0.3.5+b4f4f6cd65 via fabric
	- fabric-object-builder-api-v1 1.11.1+3b82842e65 via fabric
	- fabric-object-builders-v0 0.7.9+3ac43d9565 via fabric
	- fabric-particles-v1 0.2.9+526dc1ac65 via fabric
	- fabric-registry-sync-v0 0.9.0+befed49e65 via fabric
	- fabric-renderer-api-v1 0.4.9+3ac43d9565 via fabric
	- fabric-renderer-indigo 0.4.12+3ac43d9565 via fabric
	- fabric-renderer-registries-v1 3.2.7+b4f4f6cd65 via fabric
	- fabric-rendering-data-attachment-v1 0.3.4+7242e9d765 via fabric
	- fabric-rendering-fluids-v1 0.1.18+3ac43d9565 via fabric
	- fabric-rendering-v0 1.1.9+b4f4f6cd65 via fabric
	- fabric-rendering-v1 1.10.3+6b21378a65 via fabric
	- fabric-resource-loader-v0 0.4.11+3ac43d9565 via fabric
	- fabric-screen-api-v1 1.0.7+3ac43d9565 via fabric
	- fabric-screen-handler-api-v1 1.1.11+3ac43d9565 via fabric
	- fabric-structure-api-v1 2.0.8+295197a765 via fabric
	- fabric-tag-extensions-v0 1.2.5+3ac43d9565 via fabric
	- fabric-textures-v0 1.0.9+3ac43d9565 via fabric
	- fabric-tool-attribute-api-v1 1.3.5+fb3b57b465 via fabric
	- fabric-transfer-api-v1 1.5.6+b4f4f6cd65 via fabric
	- fabricloader 0.12.12
	- java 17
	- minecraft 1.18.1
	- mm 2.3 via optifabric
	- optifabric 1.12.10
[14:30:43] [main/INFO]: SpongePowered MIXIN Subsystem Version=0.8.4 Source=file:/E:/MultiMC/MultiMC/libraries/net/fabricmc/sponge-mixin/0.10.7+mixin.0.8.4/sponge-mixin-0.10.7+mixin.0.8.4.jar Service=Knot/Fabric Env=CLIENT
[14:30:45] [main/INFO]: Compatibility level set to JAVA_16
[14:31:01] [main/INFO]: [OptiFine] (Reflector) Method not present: net.minecraft.class_3489.createOptional
[14:31:03] [main/WARN]: @Inject(@At("INVOKE")) Shift.BY=3 on fabric-lifecycle-events-v1.mixins.json:client.WorldChunkMixin::handler$zdg000$onLoadBlockEntity exceeds the maximum allowed value: 0. Increase the value of maxShiftBy to suppress this warning.
[14:31:04] [Render thread/INFO]: Environment: authHost='https://authserver.mojang.com', accountsHost='https://api.mojang.com', sessionHost='https://sessionserver.mojang.com', servicesHost='https://api.minecraftservices.com', name='PROD'
[14:31:05] [Render thread/INFO]: Setting user: ZAppFireCZ
[14:31:05] [Render thread/INFO]: Definitely not up to no good
[14:31:05] [Render thread/INFO]: [Indigo] Registering Indigo renderer!
[14:31:05] [Render thread/INFO]: [Indigo] Compatibility mode enabled.
[14:31:06] [Render thread/INFO]: Backend library: LWJGL version 3.2.2 build 10
[14:31:06] [Render thread/INFO]: [OptiFine] 
[14:31:06] [Render thread/INFO]: [OptiFine] OptiFine_1.18.1_HD_U_H4
[14:31:06] [Render thread/INFO]: [OptiFine] Build: 20211212-175054
[14:31:06] [Render thread/INFO]: [OptiFine] OS: Windows 10 (amd64) version 10.0
[14:31:06] [Render thread/INFO]: [OptiFine] Java: 17.0.1, Eclipse Adoptium
[14:31:06] [Render thread/INFO]: [OptiFine] VM: OpenJDK 64-Bit Server VM (mixed mode, sharing), Eclipse Adoptium
[14:31:06] [Render thread/INFO]: [OptiFine] LWJGL: 3.3.0 Win32 WGL EGL OSMesa VisualC DLL
[14:31:06] [Render thread/INFO]: [OptiFine] OpenGL: Intel(R) HD Graphics 4600, version 3.2.0 - Build 20.19.15.5171, Intel
[14:31:06] [Render thread/INFO]: [OptiFine] OpenGL Version: 3.2.0
[14:31:06] [Render thread/INFO]: [OptiFine] Maximum texture size: 8192x8192
[14:31:06] [VersionCheck/INFO]: [OptiFine] Checking for new version
[14:31:06] [Render thread/INFO]: [Shaders] OpenGL Version: 3.2.0 - Build 20.19.15.5171
[14:31:06] [Render thread/INFO]: [Shaders] Vendor:  Intel
[14:31:06] [Render thread/INFO]: [Shaders] Renderer: Intel(R) HD Graphics 4600
[14:31:07] [Render thread/INFO]: [Shaders] Capabilities:  2.0  2.1  3.0  3.2  - 
[14:31:07] [Render thread/INFO]: [Shaders] GL_MAX_DRAW_BUFFERS: 8
[14:31:07] [Render thread/INFO]: [Shaders] GL_MAX_COLOR_ATTACHMENTS: 8
[14:31:07] [Render thread/INFO]: [Shaders] GL_MAX_TEXTURE_IMAGE_UNITS: 32
[14:31:07] [Render thread/INFO]: [Shaders] Load shaders configuration.
[14:31:07] [Render thread/INFO]: [Shaders] Save shaders configuration.
[14:31:07] [Render thread/INFO]: [Shaders] No shaderpack loaded.
[14:31:07] [Render thread/WARN]: [OptiFine] (Reflector) java.lang.ClassNotFoundException: sun.misc.SharedSecrets
[14:31:07] [Render thread/WARN]: [OptiFine] (Reflector) java.lang.ClassNotFoundException: jdk.internal.misc.SharedSecrets
[14:31:07] [Render thread/WARN]: [OptiFine] (Reflector) java.lang.ClassNotFoundException: sun.misc.VM
[14:31:07] [Render thread/WARN]: [OptiFine] (Reflector) java.lang.reflect.InaccessibleObjectException: Unable to make public static long jdk.internal.misc.VM.maxDirectMemory() accessible: module java.base does not "exports jdk.internal.misc" to unnamed module @4cbb7990
[14:31:07] [VersionCheck/INFO]: [OptiFine] java.io.FileNotFoundException: http://optifine.net/version/1.18.1/HD_U.txt
[14:31:07] [Render thread/INFO]: Narrator library for x64 successfully loaded
[14:31:07] [Render thread/INFO]: Reloading ResourceManager: Default, Fabric Mods (Fabric API, Fabric API Base, Fabric API Lookup API (v1), Fabric Biome API (v1), Fabric BlockRenderLayer Registration (v1), Fabric Command API (v1), Fabric Commands (v0), Fabric Containers (v0), Fabric Content Registries (v0), Fabric Crash Report Info (v1), Fabric Dimensions API (v1), Fabric Entity Events (v1), Fabric Events Interaction (v0), Fabric Events Lifecycle (v0), Fabric Game Rule API (v1), Fabric Item API (v1), Fabric Item Groups (v0), Fabric Key Binding API (v1), Fabric Key Bindings (v0), Fabric Lifecycle Events (v1), Fabric Loot Tables (v1), Fabric Mining Level API (v1), Fabric Mining Levels (v0), Fabric Models (v0), Fabric Networking API (v1), Fabric Networking (v0), Fabric Object Builder API (v1), Fabric Object Builders (v0), Fabric Particles (v1), Fabric Registry Sync (v0), Fabric Renderer API (v1), Fabric Renderer - Indigo, Fabric Renderer Registries (v1), Fabric Rendering Data Attachment (v1), Fabric Rendering Fluids (v1), Fabric Rendering (v0), Fabric Rendering (v1), Fabric Resource Loader (v0), Fabric Screen API (v1), Fabric Screen Handler API (v1), Fabric Structure API (v1), Fabric Tag Extensions (v0), Fabric Textures (v0), Fabric Tool Attribute API (v1), Fabric Transfer API (v1), Fabric Loader, Manningham Mills, OptiFabric)
[14:31:07] [Render thread/INFO]: [OptiFine] *** Reloading textures ***
[14:31:07] [Render thread/INFO]: [OptiFine] Resource packs: Fabric Mods
[14:31:08] [Worker-Main-6/INFO]: [OptiFine] Multitexture: false
[14:31:08] [Render thread/INFO]: [OptiFine] (Reflector) Method not present: net.minecraft.class_4696.canRenderInLayer
[14:31:08] [Render thread/INFO]: [OptiFine] *** Reflector Forge ***
[14:31:08] [Render thread/INFO]: [OptiFine] (Reflector) Class not present: mods.betterfoliage.client.BetterFoliageClient
[14:31:08] [Render thread/INFO]: [OptiFine] (Reflector) Method not present: net.minecraft.class_773.getTexture
[14:31:08] [Render thread/INFO]: [OptiFine] (Reflector) Field not present: net.minecraft.class_3193.currentlyLoading
[14:31:08] [Render thread/INFO]: [OptiFine] (Reflector) Method not present: net.minecraft.class_1299.getTags
[14:31:08] [Render thread/INFO]: [OptiFine] (Reflector) Method not present: net.minecraft.class_3611.getTags
[14:31:08] [Render thread/INFO]: [OptiFine] (Reflector) Method not present: net.minecraft.class_2791.getWorldForge
[14:31:08] [Render thread/INFO]: [OptiFine] (Reflector) Method not present: net.minecraft.class_304.setKeyConflictContext
[14:31:08] [Render thread/INFO]: [OptiFine] (Reflector) Method not present: net.minecraft.class_304.setKeyModifierAndCode
[14:31:08] [Render thread/INFO]: [OptiFine] (Reflector) Method not present: net.minecraft.class_304.getKeyModifier
[14:31:08] [Render thread/INFO]: [OptiFine] (Reflector) Method not present: net.minecraft.class_4696.canRenderInLayer
[14:31:08] [Render thread/INFO]: [OptiFine] (Reflector) Constructor not present: net.minecraft.class_3228, params: class net.minecraft.class_3230, int, class java.lang.Object, boolean
[14:31:08] [Render thread/INFO]: [OptiFine] (Reflector) Method not present: net.minecraft.class_3228.isForceTicks
[14:31:08] [Render thread/INFO]: [OptiFine] (Reflector) Method not present: net.minecraft.class_5294.getCloudRenderHandler
[14:31:08] [Render thread/INFO]: [OptiFine] (Reflector) Method not present: net.minecraft.class_5294.getSkyRenderHandler
[14:31:08] [Render thread/INFO]: [OptiFine] (Reflector) Method not present: net.minecraft.class_5294.getWeatherParticleRenderHandler
[14:31:08] [Render thread/INFO]: [OptiFine] (Reflector) Method not present: net.minecraft.class_5294.getWeatherRenderHandler
[14:31:08] [Render thread/INFO]: [OptiFine] (Reflector) Method not present: net.minecraft.class_727.updateSprite
[14:31:08] [Render thread/INFO]: [OptiFine] *** Reflector Vanilla ***
[14:31:08] [Worker-Main-5/INFO]: [OptiFine] Multitexture: false
[14:31:08] [Worker-Main-4/WARN]: [OptiFine] Unknown resource pack type: net.fabricmc.fabric.impl.resource.loader.FabricModResourcePack@7f8b5ab1
[14:31:08] [Worker-Main-4/WARN]: [OptiFine] Unknown resource pack type: net.fabricmc.fabric.impl.resource.loader.FabricModResourcePack@7f8b5ab1
[14:31:08] [Worker-Main-4/WARN]: [OptiFine] Unknown resource pack type: net.fabricmc.fabric.impl.resource.loader.FabricModResourcePack@7f8b5ab1
[14:31:08] [Worker-Main-4/WARN]: [OptiFine] Unknown resource pack type: net.fabricmc.fabric.impl.resource.loader.FabricModResourcePack@7f8b5ab1
[14:31:09] [Worker-Main-4/INFO]: [OptiFine] Multitexture: false
[14:31:09] [Worker-Main-4/WARN]: [OptiFine] Unknown resource pack type: net.fabricmc.fabric.impl.resource.loader.FabricModResourcePack@1f5ad4d4
[14:31:09] [Worker-Main-4/INFO]: [OptiFine] Multipass connected textures: false
[14:31:09] [Worker-Main-4/INFO]: [OptiFine] ConnectedTextures: optifine/ctm/default/00_glass_white/glass_pane_white.properties
[14:31:09] [Worker-Main-4/INFO]: [OptiFine] ConnectedTextures: optifine/ctm/default/00_glass_white/glass_white.properties
[14:31:09] [Worker-Main-4/INFO]: [OptiFine] ConnectedTextures: optifine/ctm/default/01_glass_orange/glass_orange.properties
[14:31:09] [Worker-Main-4/INFO]: [OptiFine] ConnectedTextures: optifine/ctm/default/01_glass_orange/glass_pane_orange.properties
[14:31:09] [Worker-Main-4/INFO]: [OptiFine] ConnectedTextures: optifine/ctm/default/02_glass_magenta/glass_magenta.properties
[14:31:09] [Worker-Main-4/INFO]: [OptiFine] ConnectedTextures: optifine/ctm/default/02_glass_magenta/glass_pane_magenta.properties
[14:31:09] [Worker-Main-4/INFO]: [OptiFine] ConnectedTextures: optifine/ctm/default/03_glass_light_blue/glass_light_blue.properties
[14:31:09] [Worker-Main-4/INFO]: [OptiFine] ConnectedTextures: optifine/ctm/default/03_glass_light_blue/glass_pane_light_blue.properties
[14:31:10] [Worker-Main-4/INFO]: [OptiFine] ConnectedTextures: optifine/ctm/default/04_glass_yellow/glass_pane_yellow.properties
[14:31:10] [Worker-Main-4/INFO]: [OptiFine] ConnectedTextures: optifine/ctm/default/04_glass_yellow/glass_yellow.properties
[14:31:10] [Worker-Main-4/INFO]: [OptiFine] ConnectedTextures: optifine/ctm/default/05_glass_lime/glass_lime.properties
[14:31:10] [Worker-Main-4/INFO]: [OptiFine] ConnectedTextures: optifine/ctm/default/05_glass_lime/glass_pane_lime.properties
[14:31:10] [Worker-Main-4/INFO]: [OptiFine] ConnectedTextures: optifine/ctm/default/06_glass_pink/glass_pane_pink.properties
[14:31:10] [Worker-Main-4/INFO]: [OptiFine] ConnectedTextures: optifine/ctm/default/06_glass_pink/glass_pink.properties
[14:31:10] [Worker-Main-4/INFO]: [OptiFine] ConnectedTextures: optifine/ctm/default/07_glass_gray/glass_gray.properties
[14:31:10] [Worker-Main-4/INFO]: [OptiFine] ConnectedTextures: optifine/ctm/default/07_glass_gray/glass_pane_gray.properties
[14:31:10] [Worker-Main-4/INFO]: [OptiFine] ConnectedTextures: optifine/ctm/default/08_glass_light_gray/glass_light_gray.properties
[14:31:10] [Worker-Main-4/INFO]: [OptiFine] ConnectedTextures: optifine/ctm/default/08_glass_light_gray/glass_pane_light_gray.properties
[14:31:10] [Worker-Main-4/INFO]: [OptiFine] ConnectedTextures: optifine/ctm/default/09_glass_cyan/glass_cyan.properties
[14:31:10] [Worker-Main-4/INFO]: [OptiFine] ConnectedTextures: optifine/ctm/default/09_glass_cyan/glass_pane_cyan.properties
[14:31:10] [Worker-Main-4/INFO]: [OptiFine] ConnectedTextures: optifine/ctm/default/10_glass_purple/glass_pane_purple.properties
[14:31:10] [Worker-Main-4/INFO]: [OptiFine] ConnectedTextures: optifine/ctm/default/10_glass_purple/glass_purple.properties
[14:31:10] [Worker-Main-4/INFO]: [OptiFine] ConnectedTextures: optifine/ctm/default/11_glass_blue/glass_blue.properties
[14:31:10] [Worker-Main-4/INFO]: [OptiFine] ConnectedTextures: optifine/ctm/default/11_glass_blue/glass_pane_blue.properties
[14:31:10] [Worker-Main-4/INFO]: [OptiFine] ConnectedTextures: optifine/ctm/default/12_glass_brown/glass_brown.properties
[14:31:10] [Worker-Main-4/INFO]: [OptiFine] ConnectedTextures: optifine/ctm/default/12_glass_brown/glass_pane_brown.properties
[14:31:10] [Worker-Main-4/INFO]: [OptiFine] ConnectedTextures: optifine/ctm/default/13_glass_green/glass_green.properties
[14:31:10] [Worker-Main-4/INFO]: [OptiFine] ConnectedTextures: optifine/ctm/default/13_glass_green/glass_pane_green.properties
[14:31:11] [Worker-Main-4/INFO]: [OptiFine] ConnectedTextures: optifine/ctm/default/14_glass_red/glass_pane_red.properties
[14:31:11] [Worker-Main-4/INFO]: [OptiFine] ConnectedTextures: optifine/ctm/default/14_glass_red/glass_red.properties
[14:31:11] [Worker-Main-4/INFO]: [OptiFine] ConnectedTextures: optifine/ctm/default/15_glass_black/glass_black.properties
[14:31:11] [Worker-Main-4/INFO]: [OptiFine] ConnectedTextures: optifine/ctm/default/15_glass_black/glass_pane_black.properties
[14:31:11] [Worker-Main-4/INFO]: [OptiFine] ConnectedTextures: optifine/ctm/default/20_glass/glass.properties
[14:31:11] [Worker-Main-4/INFO]: [OptiFine] ConnectedTextures: optifine/ctm/default/20_glass/glass_pane.properties
[14:31:11] [Worker-Main-4/INFO]: [OptiFine] ConnectedTextures: optifine/ctm/default/21_tinted_glass/tinted_glass.properties
[14:31:11] [Worker-Main-4/INFO]: [OptiFine] ConnectedTextures: optifine/ctm/default/30_bookshelf/bookshelf.properties
[14:31:11] [Worker-Main-4/INFO]: [OptiFine] ConnectedTextures: optifine/ctm/default/40_sandstone/sandstone.properties
[14:31:11] [Worker-Main-4/INFO]: [OptiFine] ConnectedTextures: optifine/ctm/default/41_red_sandstone/red_sandstone.properties
[14:31:11] [Worker-Main-4/INFO]: [OptiFine] Multipass connected textures: false
[14:31:11] [Worker-Main-4/INFO]: [OptiFine] BetterGrass: Parsing default configuration optifine/bettergrass.properties
[14:31:13] [Worker-Main-4/INFO]: [OptiFine] Mipmap levels: 4
[14:31:13] [Worker-Main-8/INFO]: [OptiFine] Multitexture: false
[14:31:14] [Worker-Main-4/INFO]: [OptiFine] Multitexture: false
[14:31:14] [Worker-Main-4/INFO]: [OptiFine] Sprite size: 64
[14:31:14] [Worker-Main-4/INFO]: [OptiFine] Mipmap levels: 6
[14:31:14] [Worker-Main-4/WARN]: Unused frames in sprite minecraft:missingno: [1, 2, 3, 4, 5, 6, 7, 8, 9, 10, 11, 12, 13, 14, 15]
[14:31:14] [Worker-Main-4/INFO]: [OptiFine] Multitexture: false
[14:31:14] [Worker-Main-4/INFO]: [OptiFine] Sprite size: 64
[14:31:14] [Worker-Main-4/INFO]: [OptiFine] Mipmap levels: 6
[14:31:14] [Worker-Main-4/WARN]: Unused frames in sprite minecraft:missingno: [1, 2, 3, 4, 5, 6, 7, 8, 9, 10, 11, 12, 13, 14, 15]
[14:31:14] [Worker-Main-4/INFO]: [OptiFine] Multitexture: false
[14:31:14] [Worker-Main-4/INFO]: [OptiFine] Sprite size: 64
[14:31:14] [Worker-Main-4/INFO]: [OptiFine] Mipmap levels: 6
[14:31:14] [Worker-Main-4/WARN]: Unused frames in sprite minecraft:missingno: [1, 2, 3, 4, 5, 6, 7, 8, 9, 10, 11, 12, 13, 14, 15]
[14:31:14] [Worker-Main-4/INFO]: [OptiFine] Multitexture: false
[14:31:14] [Worker-Main-4/INFO]: [OptiFine] Sprite size: 64
[14:31:14] [Worker-Main-4/INFO]: [OptiFine] Mipmap levels: 6
[14:31:14] [Worker-Main-4/WARN]: Unused frames in sprite minecraft:missingno: [1, 2, 3, 4, 5, 6, 7, 8, 9, 10, 11, 12, 13, 14, 15]
[14:31:14] [Worker-Main-4/INFO]: [OptiFine] Multitexture: false
[14:31:14] [Worker-Main-4/INFO]: [OptiFine] Sprite size: 64
[14:31:14] [Worker-Main-4/INFO]: [OptiFine] Mipmap levels: 6
[14:31:14] [Worker-Main-4/WARN]: Unused frames in sprite minecraft:missingno: [1, 2, 3, 4, 5, 6, 7, 8, 9, 10, 11, 12, 13, 14, 15]
[14:31:14] [Worker-Main-4/INFO]: [OptiFine] Multitexture: false
[14:31:14] [Worker-Main-4/INFO]: [OptiFine] Sprite size: 64
[14:31:14] [Worker-Main-4/INFO]: [OptiFine] Mipmap levels: 6
[14:31:14] [Worker-Main-4/WARN]: Unused frames in sprite minecraft:missingno: [1, 2, 3, 4, 5, 6, 7, 8, 9, 10, 11, 12, 13, 14, 15]
[14:31:14] [Render thread/INFO]: OpenAL initialized on device OpenAL Soft on Reproduktory (Razer Kraken V3 X)
[14:31:14] [Render thread/INFO]: Sound engine started
[14:31:14] [Render thread/INFO]: Created: 1024x1024x4 minecraft:textures/atlas/blocks.png-atlas
[14:31:14] [Render thread/INFO]: [OptiFine] Animated sprites: 45
[14:31:14] [Render thread/INFO]: Created: 256x128x4 minecraft:textures/atlas/signs.png-atlas
[14:31:14] [Render thread/INFO]: [OptiFine] Animated sprites: 0
[14:31:14] [Render thread/INFO]: Created: 512x512x4 minecraft:textures/atlas/banner_patterns.png-atlas
[14:31:14] [Render thread/INFO]: [OptiFine] Animated sprites: 0
[14:31:14] [Render thread/INFO]: Created: 512x512x4 minecraft:textures/atlas/shield_patterns.png-atlas
[14:31:14] [Render thread/INFO]: [OptiFine] Animated sprites: 0
[14:31:14] [Render thread/INFO]: Created: 256x256x4 minecraft:textures/atlas/chest.png-atlas
[14:31:14] [Render thread/INFO]: [OptiFine] Animated sprites: 0
[14:31:14] [Render thread/INFO]: Created: 512x256x4 minecraft:textures/atlas/beds.png-atlas
[14:31:14] [Render thread/INFO]: [OptiFine] Animated sprites: 0
[14:31:14] [Render thread/INFO]: Created: 512x256x4 minecraft:textures/atlas/shulker_boxes.png-atlas
[14:31:14] [Render thread/INFO]: [OptiFine] Animated sprites: 0
[14:31:15] [Render thread/INFO]: Created: 256x256x0 minecraft:textures/atlas/particles.png-atlas
[14:31:15] [Render thread/INFO]: [OptiFine] Animated sprites: 1
[14:31:15] [Render thread/INFO]: Created: 256x256x0 minecraft:textures/atlas/paintings.png-atlas
[14:31:15] [Render thread/INFO]: [OptiFine] Animated sprites: 0
[14:31:15] [Render thread/INFO]: Created: 128x128x0 minecraft:textures/atlas/mob_effects.png-atlas
[14:31:15] [Render thread/INFO]: [OptiFine] Animated sprites: 0
[14:31:15] [Render thread/INFO]: [OptiFine] *** Reloading custom textures ***
[14:31:15] [Render thread/WARN]: [OptiFine] Unknown resource pack type: net.fabricmc.fabric.impl.resource.loader.FabricModResourcePack@2bed31e6
[14:31:15] [Render thread/WARN]: [OptiFine] Unknown resource pack type: net.fabricmc.fabric.impl.resource.loader.FabricModResourcePack@4052ff3f
[14:31:15] [Render thread/WARN]: [OptiFine] Unknown resource pack type: net.fabricmc.fabric.impl.resource.loader.FabricModResourcePack@3dfa965b
[14:31:16] [Render thread/WARN]: [OptiFine] Unknown resource pack type: net.fabricmc.fabric.impl.resource.loader.FabricModResourcePack@7aa9b025
[14:31:16] [Render thread/WARN]: [OptiFine] Model renderer not found, model: creeper, name: armor
[14:31:16] [Render thread/WARN]: [OptiFine] Model renderer not found, model: minecart, name: dirt
[14:31:16] [Render thread/WARN]: [OptiFine] Model renderer not found, model: chest_minecart, name: dirt
[14:31:16] [Render thread/WARN]: [OptiFine] Model renderer not found, model: command_block_minecart, name: dirt
[14:31:16] [Render thread/WARN]: [OptiFine] Model renderer not found, model: furnace_minecart, name: dirt
[14:31:16] [Render thread/WARN]: [OptiFine] Model renderer not found, model: hopper_minecart, name: dirt
[14:31:16] [Render thread/WARN]: [OptiFine] Model renderer not found, model: tnt_minecart, name: dirt
[14:31:16] [Render thread/WARN]: [OptiFine] Model renderer not found, model: spawner_minecart, name: dirt
[14:31:16] [Render thread/WARN]: [OptiFine] Unknown resource pack type: net.fabricmc.fabric.impl.resource.loader.FabricModResourcePack@791142fb
[14:31:16] [Render thread/WARN]: [OptiFine] Unknown resource pack type: net.fabricmc.fabric.impl.resource.loader.FabricModResourcePack@53b0bfd4
[14:31:16] [Render thread/INFO]: [OptiFine] Disable Forge light pipeline
[14:31:28] [Render thread/INFO]: Stopping!
