[15:17:06] [Client thread/INFO]: Setting user: ZAppFireCZ
[15:17:09] [Client thread/INFO]: LWJGL Version: 2.9.4
[15:17:11] [Client thread/INFO]: Reloading ResourceManager: Default, FMLFileResourcePack:Forge Mod Loader, FMLFileResourcePack:Minecraft Forge
[15:17:12] [Sound Library Loader/INFO]: Starting up SoundSystem...
[15:17:12] [Thread-9/INFO]: Initializing LWJGL OpenAL
[15:17:12] [Thread-9/INFO]: (The LWJGL binding of OpenAL.  For more information, see http://www.lwjgl.org)
[15:17:12] [Thread-9/INFO]: OpenAL initialized.
[15:17:12] [Sound Library Loader/INFO]: Sound engine started
[15:17:17] [Client thread/INFO]: Created: 16x16 textures-atlas
[15:17:18] [Client thread/INFO]: Reloading ResourceManager: Default, FMLFileResourcePack:Forge Mod Loader, FMLFileResourcePack:Minecraft Forge
[15:17:18] [Client thread/INFO]: SoundSystem shutting down...
[15:17:18] [Client thread/WARN]: Author: Paul Lamb, www.paulscode.com
[15:17:18] [Sound Library Loader/INFO]: Starting up SoundSystem...
[15:17:18] [Thread-11/INFO]: Initializing LWJGL OpenAL
[15:17:18] [Thread-11/INFO]: (The LWJGL binding of OpenAL.  For more information, see http://www.lwjgl.org)
[15:17:18] [Thread-11/INFO]: OpenAL initialized.
[15:17:19] [Sound Library Loader/INFO]: Sound engine started
[15:17:23] [Client thread/INFO]: Created: 1024x512 textures-atlas
[15:17:40] [Client thread/INFO]: Stopping!
[15:17:40] [Client thread/INFO]: SoundSystem shutting down...
[15:17:40] [Client thread/WARN]: Author: Paul Lamb, www.paulscode.com
