[14:21:39] [main/INFO]: Loading Minecraft 1.16.5 with Fabric Loader 0.12.12
[14:21:39] [main/INFO]: Fabric is preparing JARs on first launch, this may take a few seconds...
[14:22:15] [main/INFO]: Loading 3 mods:
	- fabricloader 0.12.12
	- java 17
	- minecraft 1.16.5
[14:22:15] [main/INFO]: SpongePowered MIXIN Subsystem Version=0.8.4 Source=file:/E:/MultiMC/MultiMC/libraries/net/fabricmc/sponge-mixin/0.10.7+mixin.0.8.4/sponge-mixin-0.10.7+mixin.0.8.4.jar Service=Knot/Fabric Env=CLIENT
[14:22:19] [Render thread/INFO]: Environment: authHost='https://authserver.mojang.com', accountsHost='https://api.mojang.com', sessionHost='https://sessionserver.mojang.com', servicesHost='https://api.minecraftservices.com', name='PROD'
[14:22:20] [Render thread/INFO]: Setting user: ZAppFireCZ
[14:22:20] [Render thread/INFO]: Backend library: LWJGL version 3.2.2 build 10
[14:22:23] [Render thread/INFO]: Narrator library for x64 successfully loaded
[14:22:23] [Render thread/INFO]: Reloading ResourceManager: Default
[14:22:27] [Render thread/INFO]: OpenAL initialized.
[14:22:27] [Render thread/INFO]: Sound engine started
[14:22:27] [Render thread/INFO]: Created: 1024x1024x4 minecraft:textures/atlas/blocks.png-atlas
[14:22:27] [Render thread/INFO]: Created: 256x128x4 minecraft:textures/atlas/signs.png-atlas
[14:22:27] [Render thread/INFO]: Created: 1024x512x4 minecraft:textures/atlas/banner_patterns.png-atlas
[14:22:27] [Render thread/INFO]: Created: 1024x512x4 minecraft:textures/atlas/shield_patterns.png-atlas
[14:22:27] [Render thread/INFO]: Created: 256x256x4 minecraft:textures/atlas/chest.png-atlas
[14:22:27] [Render thread/INFO]: Created: 512x256x4 minecraft:textures/atlas/beds.png-atlas
[14:22:27] [Render thread/INFO]: Created: 512x256x4 minecraft:textures/atlas/shulker_boxes.png-atlas
[14:22:28] [Render thread/INFO]: Created: 256x256x0 minecraft:textures/atlas/particles.png-atlas
[14:22:28] [Render thread/INFO]: Created: 256x256x0 minecraft:textures/atlas/paintings.png-atlas
[14:22:28] [Render thread/INFO]: Created: 256x128x0 minecraft:textures/atlas/mob_effects.png-atlas
[14:22:32] [Render thread/INFO]: Stopping!
